================================================================================
                      GREEN IT - ECOINDEX ANALYSIS REPORT
                                  (BASELINE)
================================================================================

GLOBAL METRICS:
--------------------------------------------------------------------------------
Metric                              | Value
--------------------------------------------------------------------------------
EcoIndex Grade                      | A
EcoIndex Score                      | 94.23
Water Consumption (cl)              | 1.67
Greenhouse Gases Emission (gCO2e)   | 1.12
Request Number                      | 0
Page Size (KB)                      | 0
DOM Size                            | 101
--------------------------------------------------------------------------------

BEST PRACTICES:
--------------------------------------------------------------------------------
Best Practice                       | Status  | Details / Notes
--------------------------------------------------------------------------------
Add expires or cache-control headers| PASSED  | [Passed]
Compress ressources (>= 95%)        | PASSED  | [Passed]
Limit the number of domains (<6)    | PASSED  | [Passed]
Don't resize image in browser       | FAILED  | 9 image(s) resized in browser (see details below)
Externalize css and js              | PASSED  | No inline stylesheet or inline javascript found
Avoid HTTP request errors           | PASSED  | [Passed]
Limit the number of HTTP requests   | PASSED  | [Passed] (<=40)
Do not download unecessary image    | FAILED  | 2 image(s) downloaded but not displayed (see below)
Minified cs and js                  | N/A     | Analyse not supported by this browser
No cookie for static ressources     | PASSED  | No cookie
Avoid redirect                      | PASSED  | [Passed]
Optimize bitmap images              | PASSED  | No bitmap image to optimize
Optimize svg images                 | N/A     | Analyse not supported by this browser
Provide print stylesheet            | FAILED  | No print stylesheet found (see details below)
Do not use standarts social button  | PASSED  | No standart social network button found
Limit Stylesheet files (<=10)       | PASSED  | Not more that 7 stylesheets found
Use HTTP/2 instead of HTTP/1        | PASSED  | [Passed]
Use Standard Fonts                  | PASSED  | No custom fonts found
--------------------------------------------------------------------------------

================================================================================
                         DETAILED ANALYSIS OF FAILURES
================================================================================

1. Don't resize image in browser (9 images found):
   - http://localhost:8080/img/logo.png
     Resized from 843x596 to 82x58
   - http://localhost:8080/img/carosello1.webp
     Resized from 819x448 to 710x388
   - http://localhost:8080/img/ipad8.jpg
     Resized from 2560x2560 to 49x49
   - http://localhost:8080/img/mackbookpro16.jpg
     Resized from 1200x800 to 73x49
   - http://localhost:8080/img/iphone11.jpg
     Resized from 900x900 to 49x49
   - http://localhost:8080/img/iphone13promax.webp
     Resized from 536x402 to 65x49
   - http://localhost:8080/img/macbook-pro-2019.jpg
     Resized from 381x492 to 38x49
   - http://localhost:8080/img/ipadmini6.avif
     Resized from 828x828 to 49x49
   - http://localhost:8080/img/iphone13.avif
     Resized from 828x828 to 49x49

2. Do not download unecessary image (2 images found):
   - http://localhost:8080/img/carosello2.webp
     Size 819x448 is not displayed (is not display)
   - http://localhost:8080/img/carosello3.webp
     Size 819x448 is not displayed (is not display)

3. Provide print stylesheet:
   - No print stylesheet found
================================================================================
