Proving methods in model.beans.Carrello
Starting proof of model.beans.Carrello.Carrello() with prover z3_4_3
Method assertions are validated [1.76 secs]
Completed proof of model.beans.Carrello.Carrello() with prover z3_4_3 - no warnings [2.11 secs]
Starting proof of model.beans.Carrello.aggiungiProdotto(model.beans.ProdottoCarrello) with prover z3_4_3
Method assertions are validated [2.98 secs]
Completed proof of model.beans.Carrello.aggiungiProdotto(model.beans.ProdottoCarrello) with prover z3_4_3 - no warnings [3.16 secs]
Starting proof of model.beans.Carrello.cambiaQuantita(model.beans.Prodotto,int) with prover z3_4_3
Method assertions are validated [9.77 secs]
Completed proof of model.beans.Carrello.cambiaQuantita(model.beans.Prodotto,int) with prover z3_4_3 - no warnings [10.29 secs]
Starting proof of model.beans.Carrello.eliminaProdotto(model.beans.Prodotto) with prover z3_4_3
Method assertions are validated [3.31 secs]
Completed proof of model.beans.Carrello.eliminaProdotto(model.beans.Prodotto) with prover z3_4_3 - no warnings [3.41 secs]
Starting proof of model.beans.Carrello.getProdotti() with prover z3_4_3
Method assertions are validated [1.57 secs]
Completed proof of model.beans.Carrello.getProdotti() with prover z3_4_3 - no warnings [1.58 secs]
Starting proof of model.beans.Carrello.getTotaleCarrello() with prover z3_4_3
Method assertions are validated [1.34 secs]
Completed proof of model.beans.Carrello.getTotaleCarrello() with prover z3_4_3 - no warnings [1.38 secs]
Completed proving methods in model.beans.Carrello [21.97 secs]
Proving methods in model.beans.ProdottoCarrello
Starting proof of model.beans.ProdottoCarrello.ProdottoCarrello() with prover z3_4_3
Method assertions are validated [1.28 secs]
Completed proof of model.beans.ProdottoCarrello.ProdottoCarrello() with prover z3_4_3 - no warnings [1.30 secs]
Starting proof of model.beans.ProdottoCarrello.ProdottoCarrello(model.beans.Prodotto,int) with prover z3_4_3
Method assertions are validated [1.93 secs]
Completed proof of model.beans.ProdottoCarrello.ProdottoCarrello(model.beans.Prodotto,int) with prover z3_4_3 - no warnings [1.96 secs]
Starting proof of model.beans.ProdottoCarrello.getPrezzoTotale() with prover z3_4_3
Method assertions are validated [4.04 secs]
Completed proof of model.beans.ProdottoCarrello.getPrezzoTotale() with prover z3_4_3 - no warnings [4.07 secs]
Starting proof of model.beans.ProdottoCarrello.getProdotto() with prover z3_4_3
Method assertions are validated [1.56 secs]
Completed proof of model.beans.ProdottoCarrello.getProdotto() with prover z3_4_3 - no warnings [1.57 secs]
Starting proof of model.beans.ProdottoCarrello.getQuantita() with prover z3_4_3
Method assertions are validated [1.52 secs]
Completed proof of model.beans.ProdottoCarrello.getQuantita() with prover z3_4_3 - no warnings [1.54 secs]
Starting proof of model.beans.ProdottoCarrello.setProdotto(model.beans.Prodotto) with prover z3_4_3
Method assertions are validated [2.12 secs]
Completed proof of model.beans.ProdottoCarrello.setProdotto(model.beans.Prodotto) with prover z3_4_3 - no warnings [2.14 secs]
Starting proof of model.beans.ProdottoCarrello.setQuantita(int) with prover z3_4_3
Method assertions are validated [2.05 secs]
Completed proof of model.beans.ProdottoCarrello.setQuantita(int) with prover z3_4_3 - no warnings [2.07 secs]
Completed proving methods in model.beans.ProdottoCarrello [14.68 secs]
Proving methods in model.beans.Prodotto
Starting proof of model.beans.Prodotto.Prodotto() with prover z3_4_3
Method assertions are validated [1.23 secs]
Completed proof of model.beans.Prodotto.Prodotto() with prover z3_4_3 - no warnings [1.23 secs]
Starting proof of model.beans.Prodotto.getCategoria() with prover z3_4_3
Method assertions are validated [2.30 secs]
Completed proof of model.beans.Prodotto.getCategoria() with prover z3_4_3 - no warnings [2.34 secs]
Starting proof of model.beans.Prodotto.getDescrizione() with prover z3_4_3
Method assertions are validated [2.25 secs]
Completed proof of model.beans.Prodotto.getDescrizione() with prover z3_4_3 - no warnings [2.27 secs]
Starting proof of model.beans.Prodotto.getDimensioni() with prover z3_4_3
Method assertions are validated [2.24 secs]
Completed proof of model.beans.Prodotto.getDimensioni() with prover z3_4_3 - no warnings [2.27 secs]
Starting proof of model.beans.Prodotto.getId() with prover z3_4_3
Method assertions are validated [2.23 secs]
Completed proof of model.beans.Prodotto.getId() with prover z3_4_3 - no warnings [2.25 secs]
Starting proof of model.beans.Prodotto.getImmagine() with prover z3_4_3
Method assertions are validated [2.29 secs]
Completed proof of model.beans.Prodotto.getImmagine() with prover z3_4_3 - no warnings [2.32 secs]
Starting proof of model.beans.Prodotto.getMarca() with prover z3_4_3
Method assertions are validated [1.39 secs]
Completed proof of model.beans.Prodotto.getMarca() with prover z3_4_3 - no warnings [1.42 secs]
Starting proof of model.beans.Prodotto.getModello() with prover z3_4_3
Method assertions are validated [2.19 secs]
Completed proof of model.beans.Prodotto.getModello() with prover z3_4_3 - no warnings [2.22 secs]
Starting proof of model.beans.Prodotto.getPeso() with prover z3_4_3
Method assertions are validated [2.26 secs]
Completed proof of model.beans.Prodotto.getPeso() with prover z3_4_3 - no warnings [2.30 secs]
Starting proof of model.beans.Prodotto.getPrezzo() with prover z3_4_3
Method assertions are validated [2.15 secs]
Completed proof of model.beans.Prodotto.getPrezzo() with prover z3_4_3 - no warnings [2.18 secs]
Starting proof of model.beans.Prodotto.getQuantitaProdotto() with prover z3_4_3
Method assertions are validated [2.24 secs]
Completed proof of model.beans.Prodotto.getQuantitaProdotto() with prover z3_4_3 - no warnings [2.26 secs]
Starting proof of model.beans.Prodotto.getRecensioni() with prover z3_4_3
Method assertions are validated [2.21 secs]
Completed proof of model.beans.Prodotto.getRecensioni() with prover z3_4_3 - no warnings [2.23 secs]
Starting proof of model.beans.Prodotto.getSpecifiche() with prover z3_4_3
Method assertions are validated [2.24 secs]
Completed proof of model.beans.Prodotto.getSpecifiche() with prover z3_4_3 - no warnings [2.27 secs]
Starting proof of model.beans.Prodotto.setCategoria(model.beans.Categoria) with prover z3_4_3
Method assertions are validated [2.82 secs]
Completed proof of model.beans.Prodotto.setCategoria(model.beans.Categoria) with prover z3_4_3 - no warnings [2.86 secs]
Starting proof of model.beans.Prodotto.setDescrizione(String) with prover z3_4_3
Method assertions are validated [11.59 secs]
Completed proof of model.beans.Prodotto.setDescrizione(String) with prover z3_4_3 - no warnings [11.65 secs]
Starting proof of model.beans.Prodotto.setDimensioni(String) with prover z3_4_3
Method assertions are validated [2.15 secs]
Completed proof of model.beans.Prodotto.setDimensioni(String) with prover z3_4_3 - no warnings [2.17 secs]
Starting proof of model.beans.Prodotto.setId(int) with prover z3_4_3
Method assertions are validated [1.41 secs]
Completed proof of model.beans.Prodotto.setId(int) with prover z3_4_3 - no warnings [1.43 secs]
Starting proof of model.beans.Prodotto.setImmagine(String) with prover z3_4_3
Method assertions are validated [2.28 secs]
Completed proof of model.beans.Prodotto.setImmagine(String) with prover z3_4_3 - no warnings [2.31 secs]
Starting proof of model.beans.Prodotto.setMarca(String) with prover z3_4_3
Method assertions are validated [8.35 secs]
Completed proof of model.beans.Prodotto.setMarca(String) with prover z3_4_3 - no warnings [8.40 secs]
Starting proof of model.beans.Prodotto.setModello(String) with prover z3_4_3
Method assertions are validated [8.89 secs]
Completed proof of model.beans.Prodotto.setModello(String) with prover z3_4_3 - no warnings [8.94 secs]
Starting proof of model.beans.Prodotto.setPeso(double) with prover z3_4_3
Method assertions are validated [2.74 secs]
Completed proof of model.beans.Prodotto.setPeso(double) with prover z3_4_3 - no warnings [2.77 secs]
Starting proof of model.beans.Prodotto.setPrezzo(double) with prover z3_4_3
Method assertions are validated [2.78 secs]
Completed proof of model.beans.Prodotto.setPrezzo(double) with prover z3_4_3 - no warnings [2.82 secs]
Starting proof of model.beans.Prodotto.setQuantitaProdotto(int) with prover z3_4_3
Method assertions are validated [2.82 secs]
Completed proof of model.beans.Prodotto.setQuantitaProdotto(int) with prover z3_4_3 - no warnings [2.85 secs]
Starting proof of model.beans.Prodotto.setRecensioni(java.util.ArrayList<model.beans.Recensione>) with prover z3_4_3
Method assertions are validated [2.75 secs]
Completed proof of model.beans.Prodotto.setRecensioni(java.util.ArrayList<model.beans.Recensione>) with prover z3_4_3 - no warnings [2.78 secs]
Starting proof of model.beans.Prodotto.setSpecifiche(java.util.ArrayList<model.beans.Specifiche>) with prover z3_4_3
Method assertions are validated [2.12 secs]
Completed proof of model.beans.Prodotto.setSpecifiche(java.util.ArrayList<model.beans.Specifiche>) with prover z3_4_3 - no warnings [2.15 secs]
Completed proving methods in model.beans.Prodotto [78.79 secs]
Proving methods in model.beans.Categoria
Starting proof of model.beans.Categoria.Categoria() with prover z3_4_3
Method assertions are validated [1.19 secs]
Completed proof of model.beans.Categoria.Categoria() with prover z3_4_3 - no warnings [1.20 secs]
Starting proof of model.beans.Categoria.Categoria(String) with prover z3_4_3
Method assertions are validated [2.18 secs]
Completed proof of model.beans.Categoria.Categoria(String) with prover z3_4_3 - no warnings [2.21 secs]
Starting proof of model.beans.Categoria.getNomeCategoria() with prover z3_4_3
Method assertions are validated [1.41 secs]
Completed proof of model.beans.Categoria.getNomeCategoria() with prover z3_4_3 - no warnings [1.44 secs]
Starting proof of model.beans.Categoria.setNomeCategoria(String) with prover z3_4_3
Method assertions are validated [2.21 secs]
Completed proof of model.beans.Categoria.setNomeCategoria(String) with prover z3_4_3 - no warnings [2.25 secs]
Completed proving methods in model.beans.Categoria [7.10 secs]
Proving methods in model.beans.Recensione
Starting proof of model.beans.Recensione.Recensione() with prover z3_4_3
Method assertions are validated [1.38 secs]
Completed proof of model.beans.Recensione.Recensione() with prover z3_4_3 - no warnings [1.39 secs]
Starting proof of model.beans.Recensione.Recensione(model.beans.Utente,model.beans.Prodotto,int,String,java.util.Date) with prover z3_4_3
Method assertions are validated [3.63 secs]
Completed proof of model.beans.Recensione.Recensione(model.beans.Utente,model.beans.Prodotto,int,String,java.util.Date) with prover z3_4_3 - no warnings [3.69 secs]
Starting proof of model.beans.Recensione.getDataRecensione() with prover z3_4_3
Method assertions are validated [3.04 secs]
Completed proof of model.beans.Recensione.getDataRecensione() with prover z3_4_3 - no warnings [3.07 secs]
Starting proof of model.beans.Recensione.getId() with prover z3_4_3
Method assertions are validated [3.00 secs]
Completed proof of model.beans.Recensione.getId() with prover z3_4_3 - no warnings [3.02 secs]
Starting proof of model.beans.Recensione.getProdotto() with prover z3_4_3
Method assertions are validated [3.07 secs]
Completed proof of model.beans.Recensione.getProdotto() with prover z3_4_3 - no warnings [3.09 secs]
Starting proof of model.beans.Recensione.getTesto() with prover z3_4_3
Method assertions are validated [2.95 secs]
Completed proof of model.beans.Recensione.getTesto() with prover z3_4_3 - no warnings [2.98 secs]
Starting proof of model.beans.Recensione.getUtente() with prover z3_4_3
Method assertions are validated [2.90 secs]
Completed proof of model.beans.Recensione.getUtente() with prover z3_4_3 - no warnings [2.92 secs]
Starting proof of model.beans.Recensione.getValutazione() with prover z3_4_3
Method assertions are validated [2.23 secs]
Completed proof of model.beans.Recensione.getValutazione() with prover z3_4_3 - no warnings [2.26 secs]
Starting proof of model.beans.Recensione.setDataRecensione(java.util.Date) with prover z3_4_3
Method assertions are validated [3.54 secs]
Completed proof of model.beans.Recensione.setDataRecensione(java.util.Date) with prover z3_4_3 - no warnings [3.58 secs]
Starting proof of model.beans.Recensione.setId(int) with prover z3_4_3
Method assertions are validated [3.14 secs]
Completed proof of model.beans.Recensione.setId(int) with prover z3_4_3 - no warnings [3.17 secs]
Starting proof of model.beans.Recensione.setProdotto(model.beans.Prodotto) with prover z3_4_3
Method assertions are validated [3.36 secs]
Completed proof of model.beans.Recensione.setProdotto(model.beans.Prodotto) with prover z3_4_3 - no warnings [3.41 secs]
Starting proof of model.beans.Recensione.setTesto(String) with prover z3_4_3
Method assertions are validated [4.64 secs]
Completed proof of model.beans.Recensione.setTesto(String) with prover z3_4_3 - no warnings [4.71 secs]
Starting proof of model.beans.Recensione.setUtente(model.beans.Utente) with prover z3_4_3
Method assertions are validated [3.66 secs]
Completed proof of model.beans.Recensione.setUtente(model.beans.Utente) with prover z3_4_3 - no warnings [3.70 secs]
Starting proof of model.beans.Recensione.setValutazione(int) with prover z3_4_3
Method assertions are validated [3.93 secs]
Completed proof of model.beans.Recensione.setValutazione(int) with prover z3_4_3 - no warnings [3.96 secs]
Completed proving methods in model.beans.Recensione [44.99 secs]
Proving methods in model.beans.Specifiche
Starting proof of model.beans.Specifiche.Specifiche() with prover z3_4_3
Method assertions are validated [1.22 secs]
Completed proof of model.beans.Specifiche.Specifiche() with prover z3_4_3 - no warnings [1.22 secs]
Starting proof of model.beans.Specifiche.Specifiche(String,String) with prover z3_4_3
Method assertions are validated [2.44 secs]
Completed proof of model.beans.Specifiche.Specifiche(String,String) with prover z3_4_3 - no warnings [2.47 secs]
Starting proof of model.beans.Specifiche.getNome() with prover z3_4_3
Method assertions are validated [1.47 secs]
Completed proof of model.beans.Specifiche.getNome() with prover z3_4_3 - no warnings [1.48 secs]
Starting proof of model.beans.Specifiche.getValore() with prover z3_4_3
Method assertions are validated [1.51 secs]
Completed proof of model.beans.Specifiche.getValore() with prover z3_4_3 - no warnings [1.52 secs]
Starting proof of model.beans.Specifiche.setNome(String) with prover z3_4_3
Method assertions are validated [1.44 secs]
Completed proof of model.beans.Specifiche.setNome(String) with prover z3_4_3 - no warnings [1.46 secs]
Starting proof of model.beans.Specifiche.setValore(String) with prover z3_4_3
Method assertions are validated [2.28 secs]
Completed proof of model.beans.Specifiche.setValore(String) with prover z3_4_3 - no warnings [2.31 secs]
Completed proving methods in model.beans.Specifiche [10.50 secs]
Proving methods in model.beans.Utente
Starting proof of model.beans.Utente.Utente() with prover z3_4_3
Method assertions are validated [2.04 secs]
Completed proof of model.beans.Utente.Utente() with prover z3_4_3 - no warnings [2.09 secs]
Starting proof of model.beans.Utente.getCognome() with prover z3_4_3
Method assertions are validated [2.34 secs]
Completed proof of model.beans.Utente.getCognome() with prover z3_4_3 - no warnings [2.36 secs]
Starting proof of model.beans.Utente.getEmail() with prover z3_4_3
Method assertions are validated [2.23 secs]
Completed proof of model.beans.Utente.getEmail() with prover z3_4_3 - no warnings [2.25 secs]
Starting proof of model.beans.Utente.getId() with prover z3_4_3
Method assertions are validated [2.36 secs]
Completed proof of model.beans.Utente.getId() with prover z3_4_3 - no warnings [2.39 secs]
Starting proof of model.beans.Utente.getImmagine() with prover z3_4_3
Method assertions are validated [2.22 secs]
Completed proof of model.beans.Utente.getImmagine() with prover z3_4_3 - no warnings [2.24 secs]
Starting proof of model.beans.Utente.getNome() with prover z3_4_3
Method assertions are validated [2.27 secs]
Completed proof of model.beans.Utente.getNome() with prover z3_4_3 - no warnings [2.28 secs]
Starting proof of model.beans.Utente.getOrdineIndex(model.beans.Ordine) with prover z3_4_3
Method assertions are validated [6.77 secs]
Completed proof of model.beans.Utente.getOrdineIndex(model.beans.Ordine) with prover z3_4_3 - no warnings [6.87 secs]
Starting proof of model.beans.Utente.getOrdini() with prover z3_4_3
Method assertions are validated [2.37 secs]
Completed proof of model.beans.Utente.getOrdini() with prover z3_4_3 - no warnings [2.40 secs]
Starting proof of model.beans.Utente.getPassword() with prover z3_4_3
Method assertions are validated [2.31 secs]
Completed proof of model.beans.Utente.getPassword() with prover z3_4_3 - no warnings [2.34 secs]
Starting proof of model.beans.Utente.getRecensioni() with prover z3_4_3
Method assertions are validated [2.10 secs]
Completed proof of model.beans.Utente.getRecensioni() with prover z3_4_3 - no warnings [2.12 secs]
Starting proof of model.beans.Utente.getTelefono() with prover z3_4_3
Method assertions are validated [1.58 secs]
Completed proof of model.beans.Utente.getTelefono() with prover z3_4_3 - no warnings [1.61 secs]
Starting proof of model.beans.Utente.hashPassword(String) with prover z3_4_3
Method assertions are validated [12.34 secs]
Completed proof of model.beans.Utente.hashPassword(String) with prover z3_4_3 - no warnings [12.45 secs]
Starting proof of model.beans.Utente.isAdmin() with prover z3_4_3
Method assertions are validated [2.27 secs]
Completed proof of model.beans.Utente.isAdmin() with prover z3_4_3 - no warnings [2.30 secs]
Starting proof of model.beans.Utente.setAdmin(boolean) with prover z3_4_3
Method assertions are validated [2.21 secs]
Completed proof of model.beans.Utente.setAdmin(boolean) with prover z3_4_3 - no warnings [2.24 secs]
Starting proof of model.beans.Utente.setCognome(String) with prover z3_4_3
Method assertions are validated [3.77 secs]
Completed proof of model.beans.Utente.setCognome(String) with prover z3_4_3 - no warnings [3.82 secs]
Starting proof of model.beans.Utente.setEmail(String) with prover z3_4_3
Method assertions are validated [3.34 secs]
Completed proof of model.beans.Utente.setEmail(String) with prover z3_4_3 - no warnings [3.38 secs]
Starting proof of model.beans.Utente.setId(int) with prover z3_4_3
Method assertions are validated [2.32 secs]
Completed proof of model.beans.Utente.setId(int) with prover z3_4_3 - no warnings [2.34 secs]
Starting proof of model.beans.Utente.setImmagine(String) with prover z3_4_3
Method assertions are validated [2.40 secs]
Completed proof of model.beans.Utente.setImmagine(String) with prover z3_4_3 - no warnings [2.42 secs]
Starting proof of model.beans.Utente.setNome(String) with prover z3_4_3
Method assertions are validated [2.70 secs]
Completed proof of model.beans.Utente.setNome(String) with prover z3_4_3 - no warnings [2.74 secs]
Starting proof of model.beans.Utente.setOrdini(java.util.ArrayList<model.beans.Ordine>) with prover z3_4_3
Method assertions are validated [2.89 secs]
Completed proof of model.beans.Utente.setOrdini(java.util.ArrayList<model.beans.Ordine>) with prover z3_4_3 - no warnings [2.93 secs]
Starting proof of model.beans.Utente.setPassword(String) with prover z3_4_3
Method assertions are validated [4.68 secs]
Completed proof of model.beans.Utente.setPassword(String) with prover z3_4_3 - no warnings [4.73 secs]
Starting proof of model.beans.Utente.setRecensioni(java.util.ArrayList<model.beans.Recensione>) with prover z3_4_3
Method assertions are validated [2.75 secs]
Completed proof of model.beans.Utente.setRecensioni(java.util.ArrayList<model.beans.Recensione>) with prover z3_4_3 - no warnings [2.78 secs]
Starting proof of model.beans.Utente.setTelefono(String) with prover z3_4_3
Method assertions are validated [3.48 secs]
Completed proof of model.beans.Utente.setTelefono(String) with prover z3_4_3 - no warnings [3.52 secs]
Completed proving methods in model.beans.Utente [74.69 secs]
Proving methods in model.beans.Ordine
Starting proof of model.beans.Ordine.Ordine() with prover z3_4_3
Method assertions are validated [1.32 secs]
Completed proof of model.beans.Ordine.Ordine() with prover z3_4_3 - no warnings [1.33 secs]
Starting proof of model.beans.Ordine.getCarrello() with prover z3_4_3
Method assertions are validated [2.76 secs]
Completed proof of model.beans.Ordine.getCarrello() with prover z3_4_3 - no warnings [2.78 secs]
Starting proof of model.beans.Ordine.getDataOrdine() with prover z3_4_3
Method assertions are validated [2.91 secs]
Completed proof of model.beans.Ordine.getDataOrdine() with prover z3_4_3 - no warnings [2.93 secs]
Starting proof of model.beans.Ordine.getId() with prover z3_4_3
Method assertions are validated [2.82 secs]
Completed proof of model.beans.Ordine.getId() with prover z3_4_3 - no warnings [2.83 secs]
Starting proof of model.beans.Ordine.getIndirizzo() with prover z3_4_3
Method assertions are validated [2.94 secs]
Completed proof of model.beans.Ordine.getIndirizzo() with prover z3_4_3 - no warnings [2.96 secs]
Starting proof of model.beans.Ordine.getPrezzoTotale() with prover z3_4_3
Method assertions are validated [2.85 secs]
Completed proof of model.beans.Ordine.getPrezzoTotale() with prover z3_4_3 - no warnings [2.86 secs]
Starting proof of model.beans.Ordine.getUtente() with prover z3_4_3
Method assertions are validated [2.18 secs]
Completed proof of model.beans.Ordine.getUtente() with prover z3_4_3 - no warnings [2.20 secs]
Starting proof of model.beans.Ordine.setCarrello(model.beans.Carrello) with prover z3_4_3
Method assertions are validated [3.42 secs]
Completed proof of model.beans.Ordine.setCarrello(model.beans.Carrello) with prover z3_4_3 - no warnings [3.45 secs]
Starting proof of model.beans.Ordine.setDataOrdine(java.util.Date) with prover z3_4_3
Method assertions are validated [3.45 secs]
Completed proof of model.beans.Ordine.setDataOrdine(java.util.Date) with prover z3_4_3 - no warnings [3.48 secs]
Starting proof of model.beans.Ordine.setId(int) with prover z3_4_3
Method assertions are validated [2.86 secs]
Completed proof of model.beans.Ordine.setId(int) with prover z3_4_3 - no warnings [2.88 secs]
Starting proof of model.beans.Ordine.setIndirizzo(String) with prover z3_4_3
Method assertions are validated [4.60 secs]
Completed proof of model.beans.Ordine.setIndirizzo(String) with prover z3_4_3 - no warnings [4.66 secs]
Starting proof of model.beans.Ordine.setPrezzoTotale(double) with prover z3_4_3
Method assertions are validated [3.61 secs]
Completed proof of model.beans.Ordine.setPrezzoTotale(double) with prover z3_4_3 - no warnings [3.64 secs]
Starting proof of model.beans.Ordine.setUtente(model.beans.Utente) with prover z3_4_3
Method assertions are validated [3.38 secs]
Completed proof of model.beans.Ordine.setUtente(model.beans.Utente) with prover z3_4_3 - no warnings [3.41 secs]
Completed proving methods in model.beans.Ordine [39.47 secs]
Proving methods in model.beans.WishList
Starting proof of model.beans.WishList.WishList() with prover z3_4_3
Method assertions are validated [1.74 secs]
Completed proof of model.beans.WishList.WishList() with prover z3_4_3 - no warnings [1.75 secs]
Starting proof of model.beans.WishList.WishList(model.beans.Utente) with prover z3_4_3
Method assertions are validated [2.14 secs]
Completed proof of model.beans.WishList.WishList(model.beans.Utente) with prover z3_4_3 - no warnings [2.16 secs]
Starting proof of model.beans.WishList.getProdotti() with prover z3_4_3
Method assertions are validated [1.60 secs]
Completed proof of model.beans.WishList.getProdotti() with prover z3_4_3 - no warnings [1.61 secs]
Starting proof of model.beans.WishList.getUtente() with prover z3_4_3
Method assertions are validated [1.65 secs]
Completed proof of model.beans.WishList.getUtente() with prover z3_4_3 - no warnings [1.65 secs]
Starting proof of model.beans.WishList.setProdotti(java.util.ArrayList<model.beans.Prodotto>) with prover z3_4_3
Method assertions are validated [1.24 secs]
Completed proof of model.beans.WishList.setProdotti(java.util.ArrayList<model.beans.Prodotto>) with prover z3_4_3 - no warnings [1.25 secs]
Starting proof of model.beans.WishList.setUtente(model.beans.Utente) with prover z3_4_3
Method assertions are validated [2.07 secs]
Completed proof of model.beans.WishList.setUtente(model.beans.Utente) with prover z3_4_3 - no warnings [2.09 secs]
Completed proving methods in model.beans.WishList [10.53 secs]
Summary:
  Valid:        104
  Invalid:      0
  Infeasible:   0
  Timeout:      0
  Error:        0
  Skipped:      0
 TOTAL METHODS: 104
 Classes:       9 proved of 9
 Model Classes: 0
 Model methods: 0 proved of 0
 DURATION:        306.7 secs

