This is pdfTeX, Version 3.141592653-2.6-1.40.28 (TeX Live 2025) (preloaded format=pdflatex 2026.1.3)  20 JUN 2026 20:13
entering extended mode
 restricted \write18 enabled.
 %&-line parsing enabled.
**presentation.tex
(./presentation.tex
LaTeX2e <2025-11-01>
L3 programming layer <2025-12-29>
(c:/Program Files/texlive/2025/texmf-dist/tex/latex/beamer/beamer.cls
Document Class: beamer 2025/08/13 v3.76 A class for typesetting presentations
(c:/Program Files/texlive/2025/texmf-dist/tex/latex/beamer/beamerbasemodes.sty
(c:/Program Files/texlive/2025/texmf-dist/tex/latex/etoolbox/etoolbox.sty
Package: etoolbox 2025/10/02 v2.5m e-TeX tools for LaTeX (JAW)
\etb@tempcnta=\count275
)
\beamer@tempbox=\box53
\beamer@tempcount=\count276
\c@beamerpauses=\count277

(c:/Program Files/texlive/2025/texmf-dist/tex/latex/beamer/beamerbasedecode.sty
\beamer@slideinframe=\count278
\beamer@minimum=\count279
\beamer@decode@box=\box54
)
\beamer@commentbox=\box55
\beamer@modecount=\count280
) (c:/Program Files/texlive/2025/texmf-dist/tex/generic/iftex/iftex.sty
Package: iftex 2024/12/12 v1.0g TeX engine tests
)
\headdp=\dimen148
\footheight=\dimen149
\sidebarheight=\dimen150
\beamer@tempdim=\dimen151
\beamer@finalheight=\dimen152
\beamer@animht=\dimen153
\beamer@animdp=\dimen154
\beamer@animwd=\dimen155
\beamer@leftmargin=\dimen156
\beamer@rightmargin=\dimen157
\beamer@leftsidebar=\dimen158
\beamer@rightsidebar=\dimen159
\beamer@boxsize=\dimen160
\beamer@vboxoffset=\dimen161
\beamer@descdefault=\dimen162
\beamer@descriptionwidth=\dimen163
\beamer@lastskip=\skip49
\beamer@areabox=\box56
\beamer@animcurrent=\box57
\beamer@animshowbox=\box58
\beamer@sectionbox=\box59
\beamer@logobox=\box60
\beamer@linebox=\box61
\beamer@sectioncount=\count281
\beamer@subsubsectionmax=\count282
\beamer@subsectionmax=\count283
\beamer@sectionmax=\count284
\beamer@totalheads=\count285
\beamer@headcounter=\count286
\beamer@partstartpage=\count287
\beamer@sectionstartpage=\count288
\beamer@subsectionstartpage=\count289
\beamer@animationtempa=\count290
\beamer@animationtempb=\count291
\beamer@xpos=\count292
\beamer@ypos=\count293
\beamer@ypos@offset=\count294
\beamer@showpartnumber=\count295
\beamer@currentsubsection=\count296
\beamer@coveringdepth=\count297
\beamer@sectionadjust=\count298
\beamer@toclastsection=\count299
\beamer@tocsectionnumber=\count300

(c:/Program Files/texlive/2025/texmf-dist/tex/latex/beamer/beamerbaseoptions.st
y (c:/Program Files/texlive/2025/texmf-dist/tex/latex/graphics/keyval.sty
Package: keyval 2022/05/29 v1.15 key=value parser (DPC)
\KV@toks@=\toks17
))
\beamer@paperwidth=\skip50
\beamer@paperheight=\skip51

(c:/Program Files/texlive/2025/texmf-dist/tex/latex/geometry/geometry.sty
Package: geometry 2020/01/02 v5.9 Page Geometry

(c:/Program Files/texlive/2025/texmf-dist/tex/generic/iftex/ifvtex.sty
Package: ifvtex 2019/10/25 v1.7 ifvtex legacy package. Use iftex instead.
)
\Gm@cnth=\count301
\Gm@cntv=\count302
\c@Gm@tempcnt=\count303
\Gm@bindingoffset=\dimen164
\Gm@wd@mp=\dimen165
\Gm@odd@mp=\dimen166
\Gm@even@mp=\dimen167
\Gm@layoutwidth=\dimen168
\Gm@layoutheight=\dimen169
\Gm@layouthoffset=\dimen170
\Gm@layoutvoffset=\dimen171
\Gm@dimlist=\toks18
)
(c:/Program Files/texlive/2025/texmf-dist/tex/latex/pgf/math/pgfmath.sty
(c:/Program Files/texlive/2025/texmf-dist/tex/latex/pgf/utilities/pgfrcs.sty
(c:/Program Files/texlive/2025/texmf-dist/tex/generic/pgf/utilities/pgfutil-com
mon.tex
\pgfutil@everybye=\toks19
\pgfutil@tempdima=\dimen172
\pgfutil@tempdimb=\dimen173
)
(c:/Program Files/texlive/2025/texmf-dist/tex/generic/pgf/utilities/pgfutil-lat
ex.def
\pgfutil@abb=\box62
)
(c:/Program Files/texlive/2025/texmf-dist/tex/generic/pgf/utilities/pgfrcs.code
.tex (c:/Program Files/texlive/2025/texmf-dist/tex/generic/pgf/pgf.revision.tex
)
Package: pgfrcs 2025-08-29 v3.1.11a (3.1.11a)
))
(c:/Program Files/texlive/2025/texmf-dist/tex/latex/pgf/utilities/pgfkeys.sty
(c:/Program Files/texlive/2025/texmf-dist/tex/generic/pgf/utilities/pgfkeys.cod
e.tex
\pgfkeys@pathtoks=\toks20
\pgfkeys@temptoks=\toks21

(c:/Program Files/texlive/2025/texmf-dist/tex/generic/pgf/utilities/pgfkeyslibr
aryfiltered.code.tex
\pgfkeys@tmptoks=\toks22
)))
(c:/Program Files/texlive/2025/texmf-dist/tex/generic/pgf/math/pgfmath.code.tex

(c:/Program Files/texlive/2025/texmf-dist/tex/generic/pgf/math/pgfmathutil.code
.tex
\pgf@x=\dimen174
\pgf@xa=\dimen175
\pgf@xb=\dimen176
\pgf@xc=\dimen177
\pgf@y=\dimen178
\pgf@ya=\dimen179
\pgf@yb=\dimen180
\pgf@yc=\dimen181
\c@pgf@counta=\count304
\c@pgf@countb=\count305
\c@pgf@countc=\count306
\c@pgf@countd=\count307
)
(c:/Program Files/texlive/2025/texmf-dist/tex/generic/pgf/math/pgfmathparser.co
de.tex
\pgfmath@dimen=\dimen182
\pgfmath@count=\count308
\pgfmath@box=\box63
\pgfmath@toks=\toks23
\pgfmath@stack@operand=\toks24
\pgfmath@stack@operation=\toks25
)
(c:/Program Files/texlive/2025/texmf-dist/tex/generic/pgf/math/pgfmathfunctions
.code.tex)
(c:/Program Files/texlive/2025/texmf-dist/tex/generic/pgf/math/pgfmathfunctions
.basic.code.tex)
(c:/Program Files/texlive/2025/texmf-dist/tex/generic/pgf/math/pgfmathfunctions
.trigonometric.code.tex)
(c:/Program Files/texlive/2025/texmf-dist/tex/generic/pgf/math/pgfmathfunctions
.random.code.tex)
(c:/Program Files/texlive/2025/texmf-dist/tex/generic/pgf/math/pgfmathfunctions
.comparison.code.tex)
(c:/Program Files/texlive/2025/texmf-dist/tex/generic/pgf/math/pgfmathfunctions
.base.code.tex)
(c:/Program Files/texlive/2025/texmf-dist/tex/generic/pgf/math/pgfmathfunctions
.round.code.tex)
(c:/Program Files/texlive/2025/texmf-dist/tex/generic/pgf/math/pgfmathfunctions
.misc.code.tex)
(c:/Program Files/texlive/2025/texmf-dist/tex/generic/pgf/math/pgfmathfunctions
.integerarithmetics.code.tex)
(c:/Program Files/texlive/2025/texmf-dist/tex/generic/pgf/math/pgfmathcalc.code
.tex)
(c:/Program Files/texlive/2025/texmf-dist/tex/generic/pgf/math/pgfmathfloat.cod
e.tex
\c@pgfmathroundto@lastzeros=\count309
))) (c:/Program Files/texlive/2025/texmf-dist/tex/latex/base/size11.clo
File: size11.clo 2025/01/22 v1.4n Standard LaTeX file (size option)
)
(c:/Program Files/texlive/2025/texmf-dist/tex/latex/pgf/basiclayer/pgfcore.sty
(c:/Program Files/texlive/2025/texmf-dist/tex/latex/graphics/graphicx.sty
Package: graphicx 2024/12/31 v1.2e Enhanced LaTeX Graphics (DPC,SPQR)

(c:/Program Files/texlive/2025/texmf-dist/tex/latex/graphics/graphics.sty
Package: graphics 2024/08/06 v1.4g Standard LaTeX Graphics (DPC,SPQR)

(c:/Program Files/texlive/2025/texmf-dist/tex/latex/graphics/trig.sty
Package: trig 2023/12/02 v1.11 sin cos tan (DPC)
)
(c:/Program Files/texlive/2025/texmf-dist/tex/latex/graphics-cfg/graphics.cfg
File: graphics.cfg 2016/06/04 v1.11 sample graphics configuration
)
Package graphics Info: Driver file: pdftex.def on input line 106.

(c:/Program Files/texlive/2025/texmf-dist/tex/latex/graphics-def/pdftex.def
File: pdftex.def 2025/09/29 v1.2d Graphics/color driver for pdftex
))
\Gin@req@height=\dimen183
\Gin@req@width=\dimen184
)
(c:/Program Files/texlive/2025/texmf-dist/tex/latex/pgf/systemlayer/pgfsys.sty
(c:/Program Files/texlive/2025/texmf-dist/tex/generic/pgf/systemlayer/pgfsys.co
de.tex
Package: pgfsys 2025-08-29 v3.1.11a (3.1.11a)
\pgf@x=\dimen185
\pgf@y=\dimen186
\pgf@xa=\dimen187
\pgf@ya=\dimen188
\pgf@xb=\dimen189
\pgf@yb=\dimen190
\pgf@xc=\dimen191
\pgf@yc=\dimen192
\pgf@xd=\dimen193
\pgf@yd=\dimen194
\w@pgf@writea=\write3
\r@pgf@reada=\read2
\c@pgf@counta=\count310
\c@pgf@countb=\count311
\c@pgf@countc=\count312
\c@pgf@countd=\count313
\t@pgf@toka=\toks26
\t@pgf@tokb=\toks27
\t@pgf@tokc=\toks28
\pgf@sys@id@count=\count314

(c:/Program Files/texlive/2025/texmf-dist/tex/generic/pgf/systemlayer/pgf.cfg
File: pgf.cfg 2025-08-29 v3.1.11a (3.1.11a)
)
Driver file for pgf: pgfsys-pdftex.def

(c:/Program Files/texlive/2025/texmf-dist/tex/generic/pgf/systemlayer/pgfsys-pd
ftex.def
File: pgfsys-pdftex.def 2025-08-29 v3.1.11a (3.1.11a)

(c:/Program Files/texlive/2025/texmf-dist/tex/generic/pgf/systemlayer/pgfsys-co
mmon-pdf.def
File: pgfsys-common-pdf.def 2025-08-29 v3.1.11a (3.1.11a)
)))
(c:/Program Files/texlive/2025/texmf-dist/tex/generic/pgf/systemlayer/pgfsyssof
tpath.code.tex
File: pgfsyssoftpath.code.tex 2025-08-29 v3.1.11a (3.1.11a)
\pgfsyssoftpath@smallbuffer@items=\count315
\pgfsyssoftpath@bigbuffer@items=\count316
)
(c:/Program Files/texlive/2025/texmf-dist/tex/generic/pgf/systemlayer/pgfsyspro
tocol.code.tex
File: pgfsysprotocol.code.tex 2025-08-29 v3.1.11a (3.1.11a)
))
(c:/Program Files/texlive/2025/texmf-dist/tex/latex/xcolor/xcolor.sty
Package: xcolor 2024/09/29 v3.02 LaTeX color extensions (UK)

(c:/Program Files/texlive/2025/texmf-dist/tex/latex/graphics-cfg/color.cfg
File: color.cfg 2016/01/02 v1.6 sample color configuration
)
Package xcolor Info: Driver file: pdftex.def on input line 274.

(c:/Program Files/texlive/2025/texmf-dist/tex/latex/graphics/mathcolor.ltx)
Package xcolor Info: Model `cmy' substituted by `cmy0' on input line 1349.
Package xcolor Info: Model `hsb' substituted by `rgb' on input line 1353.
Package xcolor Info: Model `RGB' extended on input line 1365.
Package xcolor Info: Model `HTML' substituted by `rgb' on input line 1367.
Package xcolor Info: Model `Hsb' substituted by `hsb' on input line 1368.
Package xcolor Info: Model `tHsb' substituted by `hsb' on input line 1369.
Package xcolor Info: Model `HSB' substituted by `hsb' on input line 1370.
Package xcolor Info: Model `Gray' substituted by `gray' on input line 1371.
Package xcolor Info: Model `wave' substituted by `hsb' on input line 1372.
)
(c:/Program Files/texlive/2025/texmf-dist/tex/generic/pgf/basiclayer/pgfcore.co
de.tex
Package: pgfcore 2025-08-29 v3.1.11a (3.1.11a)

(c:/Program Files/texlive/2025/texmf-dist/tex/generic/pgf/math/pgfint.code.tex)

(c:/Program Files/texlive/2025/texmf-dist/tex/generic/pgf/basiclayer/pgfcorepoi
nts.code.tex
File: pgfcorepoints.code.tex 2025-08-29 v3.1.11a (3.1.11a)
\pgf@picminx=\dimen195
\pgf@picmaxx=\dimen196
\pgf@picminy=\dimen197
\pgf@picmaxy=\dimen198
\pgf@pathminx=\dimen199
\pgf@pathmaxx=\dimen256
\pgf@pathminy=\dimen257
\pgf@pathmaxy=\dimen258
\pgf@xx=\dimen259
\pgf@xy=\dimen260
\pgf@yx=\dimen261
\pgf@yy=\dimen262
\pgf@zx=\dimen263
\pgf@zy=\dimen264
)
(c:/Program Files/texlive/2025/texmf-dist/tex/generic/pgf/basiclayer/pgfcorepat
hconstruct.code.tex
File: pgfcorepathconstruct.code.tex 2025-08-29 v3.1.11a (3.1.11a)
\pgf@path@lastx=\dimen265
\pgf@path@lasty=\dimen266
)
(c:/Program Files/texlive/2025/texmf-dist/tex/generic/pgf/basiclayer/pgfcorepat
husage.code.tex
File: pgfcorepathusage.code.tex 2025-08-29 v3.1.11a (3.1.11a)
\pgf@shorten@end@additional=\dimen267
\pgf@shorten@start@additional=\dimen268
)
(c:/Program Files/texlive/2025/texmf-dist/tex/generic/pgf/basiclayer/pgfcoresco
pes.code.tex
File: pgfcorescopes.code.tex 2025-08-29 v3.1.11a (3.1.11a)
\pgfpic=\box64
\pgf@hbox=\box65
\pgf@layerbox@main=\box66
\pgf@picture@serial@count=\count317
)
(c:/Program Files/texlive/2025/texmf-dist/tex/generic/pgf/basiclayer/pgfcoregra
phicstate.code.tex
File: pgfcoregraphicstate.code.tex 2025-08-29 v3.1.11a (3.1.11a)
\pgflinewidth=\dimen269
)
(c:/Program Files/texlive/2025/texmf-dist/tex/generic/pgf/basiclayer/pgfcoretra
nsformations.code.tex
File: pgfcoretransformations.code.tex 2025-08-29 v3.1.11a (3.1.11a)
\pgf@pt@x=\dimen270
\pgf@pt@y=\dimen271
\pgf@pt@temp=\dimen272
)
(c:/Program Files/texlive/2025/texmf-dist/tex/generic/pgf/basiclayer/pgfcorequi
ck.code.tex
File: pgfcorequick.code.tex 2025-08-29 v3.1.11a (3.1.11a)
)
(c:/Program Files/texlive/2025/texmf-dist/tex/generic/pgf/basiclayer/pgfcoreobj
ects.code.tex
File: pgfcoreobjects.code.tex 2025-08-29 v3.1.11a (3.1.11a)
)
(c:/Program Files/texlive/2025/texmf-dist/tex/generic/pgf/basiclayer/pgfcorepat
hprocessing.code.tex
File: pgfcorepathprocessing.code.tex 2025-08-29 v3.1.11a (3.1.11a)
)
(c:/Program Files/texlive/2025/texmf-dist/tex/generic/pgf/basiclayer/pgfcorearr
ows.code.tex
File: pgfcorearrows.code.tex 2025-08-29 v3.1.11a (3.1.11a)
\pgfarrowsep=\dimen273
)
(c:/Program Files/texlive/2025/texmf-dist/tex/generic/pgf/basiclayer/pgfcoresha
de.code.tex
File: pgfcoreshade.code.tex 2025-08-29 v3.1.11a (3.1.11a)
\pgf@max=\dimen274
\pgf@sys@shading@range@num=\count318
\pgf@shadingcount=\count319
)
(c:/Program Files/texlive/2025/texmf-dist/tex/generic/pgf/basiclayer/pgfcoreima
ge.code.tex
File: pgfcoreimage.code.tex 2025-08-29 v3.1.11a (3.1.11a)
)
(c:/Program Files/texlive/2025/texmf-dist/tex/generic/pgf/basiclayer/pgfcoreext
ernal.code.tex
File: pgfcoreexternal.code.tex 2025-08-29 v3.1.11a (3.1.11a)
\pgfexternal@startupbox=\box67
)
(c:/Program Files/texlive/2025/texmf-dist/tex/generic/pgf/basiclayer/pgfcorelay
ers.code.tex
File: pgfcorelayers.code.tex 2025-08-29 v3.1.11a (3.1.11a)
)
(c:/Program Files/texlive/2025/texmf-dist/tex/generic/pgf/basiclayer/pgfcoretra
nsparency.code.tex
File: pgfcoretransparency.code.tex 2025-08-29 v3.1.11a (3.1.11a)
)
(c:/Program Files/texlive/2025/texmf-dist/tex/generic/pgf/basiclayer/pgfcorepat
terns.code.tex
File: pgfcorepatterns.code.tex 2025-08-29 v3.1.11a (3.1.11a)
)
(c:/Program Files/texlive/2025/texmf-dist/tex/generic/pgf/basiclayer/pgfcorerdf
.code.tex
File: pgfcorerdf.code.tex 2025-08-29 v3.1.11a (3.1.11a)
)))
(c:/Program Files/texlive/2025/texmf-dist/tex/latex/pgf/utilities/xxcolor.sty
Package: xxcolor 2003/10/24 ver 0.1
\XC@nummixins=\count320
\XC@countmixins=\count321
)
(c:/Program Files/texlive/2025/texmf-dist/tex/latex/base/atbegshi-ltx.sty
Package: atbegshi-ltx 2021/01/10 v1.0c Emulation of the original atbegshi
package with kernel methods
)
(c:/Program Files/texlive/2025/texmf-dist/tex/latex/hyperref/hyperref.sty
Package: hyperref 2025-07-12 v7.01o Hypertext links for LaTeX

(c:/Program Files/texlive/2025/texmf-dist/tex/latex/kvsetkeys/kvsetkeys.sty
Package: kvsetkeys 2022-10-05 v1.19 Key value parser (HO)
)
(c:/Program Files/texlive/2025/texmf-dist/tex/generic/kvdefinekeys/kvdefinekeys
.sty
Package: kvdefinekeys 2019-12-19 v1.6 Define keys (HO)
)
(c:/Program Files/texlive/2025/texmf-dist/tex/generic/pdfescape/pdfescape.sty
Package: pdfescape 2019/12/09 v1.15 Implements pdfTeX's escape features (HO)

(c:/Program Files/texlive/2025/texmf-dist/tex/generic/ltxcmds/ltxcmds.sty
Package: ltxcmds 2023-12-04 v1.26 LaTeX kernel commands for general use (HO)
)
(c:/Program Files/texlive/2025/texmf-dist/tex/generic/pdftexcmds/pdftexcmds.sty
Package: pdftexcmds 2020-06-27 v0.33 Utility functions of pdfTeX for LuaTeX (HO
)
(c:/Program Files/texlive/2025/texmf-dist/tex/generic/infwarerr/infwarerr.sty
Package: infwarerr 2019/12/03 v1.5 Providing info/warning/error messages (HO)
)
Package pdftexcmds Info: \pdf@primitive is available.
Package pdftexcmds Info: \pdf@ifprimitive is available.
Package pdftexcmds Info: \pdfdraftmode found.
)) (c:/Program Files/texlive/2025/texmf-dist/tex/latex/hycolor/hycolor.sty
Package: hycolor 2020-01-27 v1.10 Color options for hyperref/bookmark (HO)
)
(c:/Program Files/texlive/2025/texmf-dist/tex/latex/hyperref/nameref.sty
Package: nameref 2025-06-21 v2.57 Cross-referencing by name of section

(c:/Program Files/texlive/2025/texmf-dist/tex/latex/refcount/refcount.sty
Package: refcount 2019/12/15 v3.6 Data extraction from label references (HO)
)
(c:/Program Files/texlive/2025/texmf-dist/tex/generic/gettitlestring/gettitlest
ring.sty
Package: gettitlestring 2019/12/15 v1.6 Cleanup title references (HO)

(c:/Program Files/texlive/2025/texmf-dist/tex/latex/kvoptions/kvoptions.sty
Package: kvoptions 2022-06-15 v3.15 Key value format for package options (HO)
))
\c@section@level=\count322
)
(c:/Program Files/texlive/2025/texmf-dist/tex/generic/stringenc/stringenc.sty
Package: stringenc 2019/11/29 v1.12 Convert strings between diff. encodings (HO
)
)
\@linkdim=\dimen275
\Hy@linkcounter=\count323
\Hy@pagecounter=\count324

(c:/Program Files/texlive/2025/texmf-dist/tex/latex/hyperref/pd1enc.def
File: pd1enc.def 2025-07-12 v7.01o Hyperref: PDFDocEncoding definition (HO)
Now handling font encoding PD1 ...
... no UTF-8 mapping file for font encoding PD1
)
(c:/Program Files/texlive/2025/texmf-dist/tex/generic/intcalc/intcalc.sty
Package: intcalc 2019/12/15 v1.3 Expandable calculations with integers (HO)
)
\Hy@SavedSpaceFactor=\count325

(c:/Program Files/texlive/2025/texmf-dist/tex/latex/hyperref/puenc.def
File: puenc.def 2025-07-12 v7.01o Hyperref: PDF Unicode definition (HO)
Now handling font encoding PU ...
... no UTF-8 mapping file for font encoding PU
)
Package hyperref Info: Option `bookmarks' set `true' on input line 4066.
Package hyperref Info: Option `bookmarksopen' set `true' on input line 4066.
Package hyperref Info: Option `implicit' set `false' on input line 4066.
Package hyperref Info: Hyper figures OFF on input line 4195.
Package hyperref Info: Link nesting OFF on input line 4200.
Package hyperref Info: Hyper index ON on input line 4203.
Package hyperref Info: Plain pages OFF on input line 4210.
Package hyperref Info: Backreferencing OFF on input line 4215.
Package hyperref Info: Implicit mode OFF; no redefinition of LaTeX internals.
Package hyperref Info: Bookmarks ON on input line 4462.
\c@Hy@tempcnt=\count326

(c:/Program Files/texlive/2025/texmf-dist/tex/latex/url/url.sty
\Urlmuskip=\muskip17
Package: url 2013/09/16  ver 3.4  Verb mode for urls, etc.
)
LaTeX Info: Redefining \url on input line 4801.
\XeTeXLinkMargin=\dimen276

(c:/Program Files/texlive/2025/texmf-dist/tex/generic/bitset/bitset.sty
Package: bitset 2019/12/09 v1.3 Handle bit-vector datatype (HO)

(c:/Program Files/texlive/2025/texmf-dist/tex/generic/bigintcalc/bigintcalc.sty
Package: bigintcalc 2019/12/15 v1.5 Expandable calculations on big integers (HO
)
))
\Fld@menulength=\count327
\Field@Width=\dimen277
\Fld@charsize=\dimen278
Package hyperref Info: Hyper figures OFF on input line 6078.
Package hyperref Info: Link nesting OFF on input line 6083.
Package hyperref Info: Hyper index ON on input line 6086.
Package hyperref Info: backreferencing OFF on input line 6093.
Package hyperref Info: Link coloring OFF on input line 6098.
Package hyperref Info: Link coloring with OCG OFF on input line 6103.
Package hyperref Info: PDF/A mode OFF on input line 6108.
\Hy@abspage=\count328


Package hyperref Message: Stopped early.

)
Package hyperref Info: Driver (autodetected): hpdftex.
 (c:/Program Files/texlive/2025/texmf-dist/tex/latex/hyperref/hpdftex.def
File: hpdftex.def 2025-07-12 v7.01o Hyperref driver for pdfTeX
\Fld@listcount=\count329
\c@bookmark@seq@number=\count330

(c:/Program Files/texlive/2025/texmf-dist/tex/latex/rerunfilecheck/rerunfileche
ck.sty
Package: rerunfilecheck 2025-06-21 v1.11 Rerun checks for auxiliary files (HO)

(c:/Program Files/texlive/2025/texmf-dist/tex/generic/uniquecounter/uniquecount
er.sty
Package: uniquecounter 2019/12/15 v1.4 Provide unlimited unique counter (HO)
)
Package uniquecounter Info: New unique counter `rerunfilecheck' on input line 2
84.
))
(c:/Program Files/texlive/2025/texmf-dist/tex/latex/beamer/beamerbaserequires.s
ty
(c:/Program Files/texlive/2025/texmf-dist/tex/latex/beamer/beamerbasecompatibil
ity.sty)
(c:/Program Files/texlive/2025/texmf-dist/tex/latex/beamer/beamerbasefont.sty
(c:/Program Files/texlive/2025/texmf-dist/tex/latex/amsfonts/amssymb.sty
Package: amssymb 2013/01/14 v3.01 AMS font symbols

(c:/Program Files/texlive/2025/texmf-dist/tex/latex/amsfonts/amsfonts.sty
Package: amsfonts 2013/01/14 v3.01 Basic AMSFonts support
\@emptytoks=\toks29
\symAMSa=\mathgroup4
\symAMSb=\mathgroup5
LaTeX Font Info:    Redeclaring math symbol \hbar on input line 98.
LaTeX Font Info:    Overwriting math alphabet `\mathfrak' in version `bold'
(Font)                  U/euf/m/n --> U/euf/b/n on input line 106.
))
(c:/Program Files/texlive/2025/texmf-dist/tex/latex/sansmathaccent/sansmathacce
nt.sty
Package: sansmathaccent 2020/01/31

(c:/Program Files/texlive/2025/texmf-dist/tex/latex/koma-script/scrlfile.sty
Package: scrlfile 2025/12/01 v3.49 KOMA-Script package (file load hooks)

(c:/Program Files/texlive/2025/texmf-dist/tex/latex/koma-script/scrlfile-hook.s
ty
Package: scrlfile-hook 2025/12/01 v3.49 KOMA-Script package (using LaTeX hooks)

 (c:/Program Files/texlive/2025/texmf-dist/tex/latex/koma-script/scrlogo.sty
Package: scrlogo 2025/12/01 v3.49 KOMA-Script package (logo)
)))))
(c:/Program Files/texlive/2025/texmf-dist/tex/latex/beamer/beamerbasetranslator
.sty
(c:/Program Files/texlive/2025/texmf-dist/tex/latex/translator/translator.sty
Package: translator 2021-05-31 v1.12d Easy translation of strings in LaTeX
)) (c:/Program Files/texlive/2025/texmf-dist/tex/latex/beamer/beamerbasemisc.st
y)
(c:/Program Files/texlive/2025/texmf-dist/tex/latex/beamer/beamerbasetwoscreens
.sty)
(c:/Program Files/texlive/2025/texmf-dist/tex/latex/beamer/beamerbaseoverlay.st
y
\beamer@argscount=\count331
\beamer@lastskipcover=\skip52
\beamer@trivlistdepth=\count332
)
(c:/Program Files/texlive/2025/texmf-dist/tex/latex/beamer/beamerbasetitle.sty)

(c:/Program Files/texlive/2025/texmf-dist/tex/latex/beamer/beamerbasesection.st
y
\c@lecture=\count333
\c@part=\count334
\c@section=\count335
\c@subsection=\count336
\c@subsubsection=\count337
)
(c:/Program Files/texlive/2025/texmf-dist/tex/latex/beamer/beamerbaseframe.sty
\beamer@framebox=\box68
\beamer@frametitlebox=\box69
\beamer@zoombox=\box70
\beamer@zoomcount=\count338
\beamer@zoomframecount=\count339
\beamer@frametextheight=\dimen279
\c@subsectionslide=\count340
\beamer@frametopskip=\skip53
\beamer@framebottomskip=\skip54
\beamer@frametopskipautobreak=\skip55
\beamer@framebottomskipautobreak=\skip56
\beamer@envbody=\toks30
\framewidth=\dimen280
\c@framenumber=\count341
)
(c:/Program Files/texlive/2025/texmf-dist/tex/latex/beamer/beamerbaseverbatim.s
ty
\beamer@verbatimfileout=\write4
)
(c:/Program Files/texlive/2025/texmf-dist/tex/latex/beamer/beamerbaseframesize.
sty
\beamer@splitbox=\box71
\beamer@autobreakcount=\count342
\beamer@autobreaklastheight=\dimen281
\beamer@frametitletoks=\toks31
\beamer@framesubtitletoks=\toks32
)
(c:/Program Files/texlive/2025/texmf-dist/tex/latex/beamer/beamerbaseframecompo
nents.sty
\beamer@colheight=\skip57
\beamer@footins=\box72
)
(c:/Program Files/texlive/2025/texmf-dist/tex/latex/beamer/beamerbasecolor.sty)
(c:/Program Files/texlive/2025/texmf-dist/tex/latex/beamer/beamerbasenotes.sty
\beamer@frameboxcopy=\box73
) (c:/Program Files/texlive/2025/texmf-dist/tex/latex/beamer/beamerbasetoc.sty)

(c:/Program Files/texlive/2025/texmf-dist/tex/latex/beamer/beamerbasetemplates.
sty
\beamer@sbttoks=\toks33

(c:/Program Files/texlive/2025/texmf-dist/tex/latex/beamer/beamerbaseauxtemplat
es.sty
(c:/Program Files/texlive/2025/texmf-dist/tex/latex/beamer/beamerbaseboxes.sty
\bmb@box=\box74
\bmb@colorbox=\box75
\bmb@boxwidth=\dimen282
\bmb@boxheight=\dimen283
\bmb@prevheight=\dimen284
\bmb@temp=\dimen285
\bmb@dima=\dimen286
\bmb@dimb=\dimen287
\bmb@prevheight=\dimen288
)
\beamer@blockheadheight=\dimen289
))
(c:/Program Files/texlive/2025/texmf-dist/tex/latex/beamer/beamerbaselocalstruc
ture.sty
(c:/Program Files/texlive/2025/texmf-dist/tex/latex/tools/enumerate.sty
Package: enumerate 2023/07/04 v3.00 enumerate extensions (DPC)
\@enLab=\toks34
)
\beamer@bibiconwidth=\skip58
\c@figure=\count343
\c@table=\count344
\abovecaptionskip=\skip59
\belowcaptionskip=\skip60
)
(c:/Program Files/texlive/2025/texmf-dist/tex/latex/beamer/beamerbasenavigation
.sty
(c:/Program Files/texlive/2025/texmf-dist/tex/latex/beamer/beamerbasenavigation
symbols.tex)
\beamer@section@min@dim=\dimen290
)
(c:/Program Files/texlive/2025/texmf-dist/tex/latex/beamer/beamerbasetheorems.s
ty (c:/Program Files/texlive/2025/texmf-dist/tex/latex/amsmath/amsmath.sty
Package: amsmath 2025/07/09 v2.17z AMS math features
\@mathmargin=\skip61

For additional information on amsmath, use the `?' option.
(c:/Program Files/texlive/2025/texmf-dist/tex/latex/amsmath/amstext.sty
Package: amstext 2024/11/17 v2.01 AMS text

(c:/Program Files/texlive/2025/texmf-dist/tex/latex/amsmath/amsgen.sty
File: amsgen.sty 1999/11/30 v2.0 generic functions
\@emptytoks=\toks35
\ex@=\dimen291
))
(c:/Program Files/texlive/2025/texmf-dist/tex/latex/amsmath/amsbsy.sty
Package: amsbsy 1999/11/29 v1.2d Bold Symbols
\pmbraise@=\dimen292
)
(c:/Program Files/texlive/2025/texmf-dist/tex/latex/amsmath/amsopn.sty
Package: amsopn 2022/04/08 v2.04 operator names
)
\inf@bad=\count345
LaTeX Info: Redefining \frac on input line 233.
\uproot@=\count346
\leftroot@=\count347
LaTeX Info: Redefining \overline on input line 398.
LaTeX Info: Redefining \colon on input line 409.
\classnum@=\count348
\DOTSCASE@=\count349
LaTeX Info: Redefining \ldots on input line 495.
LaTeX Info: Redefining \dots on input line 498.
LaTeX Info: Redefining \cdots on input line 619.
\Mathstrutbox@=\box76
\strutbox@=\box77
LaTeX Info: Redefining \big on input line 721.
LaTeX Info: Redefining \Big on input line 722.
LaTeX Info: Redefining \bigg on input line 723.
LaTeX Info: Redefining \Bigg on input line 724.
\big@size=\dimen293
LaTeX Font Info:    Redeclaring font encoding OML on input line 742.
LaTeX Font Info:    Redeclaring font encoding OMS on input line 743.
\macc@depth=\count350
LaTeX Info: Redefining \bmod on input line 904.
LaTeX Info: Redefining \pmod on input line 909.
LaTeX Info: Redefining \smash on input line 939.
LaTeX Info: Redefining \relbar on input line 969.
LaTeX Info: Redefining \Relbar on input line 970.
\c@MaxMatrixCols=\count351
\dotsspace@=\muskip18
\c@parentequation=\count352
\dspbrk@lvl=\count353
\tag@help=\toks36
\row@=\count354
\column@=\count355
\maxfields@=\count356
\andhelp@=\toks37
\eqnshift@=\dimen294
\alignsep@=\dimen295
\tagshift@=\dimen296
\tagwidth@=\dimen297
\totwidth@=\dimen298
\lineht@=\dimen299
\@envbody=\toks38
\multlinegap=\skip62
\multlinetaggap=\skip63
\mathdisplay@stack=\toks39
LaTeX Info: Redefining \[ on input line 2950.
LaTeX Info: Redefining \] on input line 2951.
)
(c:/Program Files/texlive/2025/texmf-dist/tex/latex/amscls/amsthm.sty
Package: amsthm 2020/05/29 v2.20.6
\thm@style=\toks40
\thm@bodyfont=\toks41
\thm@headfont=\toks42
\thm@notefont=\toks43
\thm@headpunct=\toks44
\thm@preskip=\skip64
\thm@postskip=\skip65
\thm@headsep=\skip66
\dth@everypar=\toks45
)
\c@theorem=\count357
)
(c:/Program Files/texlive/2025/texmf-dist/tex/latex/beamer/beamerbasethemes.sty
))
(c:/Program Files/texlive/2025/texmf-dist/tex/latex/beamer/beamerthemedefault.s
ty
(c:/Program Files/texlive/2025/texmf-dist/tex/latex/beamer/beamerfontthemedefau
lt.sty)
(c:/Program Files/texlive/2025/texmf-dist/tex/latex/beamer/beamercolorthemedefa
ult.sty)
(c:/Program Files/texlive/2025/texmf-dist/tex/latex/beamer/beamerinnerthemedefa
ult.sty
\beamer@dima=\dimen300
\beamer@dimb=\dimen301
)
(c:/Program Files/texlive/2025/texmf-dist/tex/latex/beamer/beamerouterthemedefa
ult.sty)))
(c:/Program Files/texlive/2025/texmf-dist/tex/latex/colortbl/colortbl.sty
Package: colortbl 2024/10/29 v1.0k Color table columns (DPC)

(c:/Program Files/texlive/2025/texmf-dist/tex/latex/tools/array.sty
Package: array 2025/09/25 v2.6n Tabular extension package (FMi)
\col@sep=\dimen302
\ar@mcellbox=\box78
\extrarowheight=\dimen303
\NC@list=\toks46
\extratabsurround=\skip67
\backup@length=\skip68
\ar@cellbox=\box79
)
\everycr=\toks47
\minrowclearance=\skip69
\rownum=\count358
)
(c:/Program Files/texlive/2025/texmf-dist/tex/latex/base/fontenc.sty
Package: fontenc 2025/07/18 v2.1d Standard LaTeX package
)
(c:/Program Files/texlive/2025/texmf-dist/tex/latex/pgf/frontendlayer/tikz.sty
(c:/Program Files/texlive/2025/texmf-dist/tex/latex/pgf/basiclayer/pgf.sty
Package: pgf 2025-08-29 v3.1.11a (3.1.11a)

(c:/Program Files/texlive/2025/texmf-dist/tex/generic/pgf/modules/pgfmoduleshap
es.code.tex
File: pgfmoduleshapes.code.tex 2025-08-29 v3.1.11a (3.1.11a)
\pgfnodeparttextbox=\box80
)
(c:/Program Files/texlive/2025/texmf-dist/tex/generic/pgf/modules/pgfmoduleplot
.code.tex
File: pgfmoduleplot.code.tex 2025-08-29 v3.1.11a (3.1.11a)
)
(c:/Program Files/texlive/2025/texmf-dist/tex/latex/pgf/compatibility/pgfcomp-v
ersion-0-65.sty
Package: pgfcomp-version-0-65 2025-08-29 v3.1.11a (3.1.11a)
\pgf@nodesepstart=\dimen304
\pgf@nodesepend=\dimen305
)
(c:/Program Files/texlive/2025/texmf-dist/tex/latex/pgf/compatibility/pgfcomp-v
ersion-1-18.sty
Package: pgfcomp-version-1-18 2025-08-29 v3.1.11a (3.1.11a)
))
(c:/Program Files/texlive/2025/texmf-dist/tex/latex/pgf/utilities/pgffor.sty
(c:/Program Files/texlive/2025/texmf-dist/tex/generic/pgf/utilities/pgffor.code
.tex
Package: pgffor 2025-08-29 v3.1.11a (3.1.11a)
\pgffor@iter=\dimen306
\pgffor@skip=\dimen307
\pgffor@stack=\toks48
\pgffor@toks=\toks49
))
(c:/Program Files/texlive/2025/texmf-dist/tex/generic/pgf/frontendlayer/tikz/ti
kz.code.tex
Package: tikz 2025-08-29 v3.1.11a (3.1.11a)

(c:/Program Files/texlive/2025/texmf-dist/tex/generic/pgf/libraries/pgflibraryp
lothandlers.code.tex
File: pgflibraryplothandlers.code.tex 2025-08-29 v3.1.11a (3.1.11a)
\pgf@plot@mark@count=\count359
\pgfplotmarksize=\dimen308
)
\tikz@lastx=\dimen309
\tikz@lasty=\dimen310
\tikz@lastxsaved=\dimen311
\tikz@lastysaved=\dimen312
\tikz@lastmovetox=\dimen313
\tikz@lastmovetoy=\dimen314
\tikzleveldistance=\dimen315
\tikzsiblingdistance=\dimen316
\tikz@figbox=\box81
\tikz@figbox@bg=\box82
\tikz@tempbox=\box83
\tikz@tempbox@bg=\box84
\tikztreelevel=\count360
\tikznumberofchildren=\count361
\tikznumberofcurrentchild=\count362
\tikz@fig@count=\count363

(c:/Program Files/texlive/2025/texmf-dist/tex/generic/pgf/modules/pgfmodulematr
ix.code.tex
File: pgfmodulematrix.code.tex 2025-08-29 v3.1.11a (3.1.11a)
\pgfmatrixcurrentrow=\count364
\pgfmatrixcurrentcolumn=\count365
\pgf@matrix@numberofcolumns=\count366
)
\tikz@expandcount=\count367

(c:/Program Files/texlive/2025/texmf-dist/tex/generic/pgf/frontendlayer/tikz/li
braries/tikzlibrarytopaths.code.tex
File: tikzlibrarytopaths.code.tex 2025-08-29 v3.1.11a (3.1.11a)
)))
(c:/Program Files/texlive/2025/texmf-dist/tex/latex/booktabs/booktabs.sty
Package: booktabs 2020/01/12 v1.61803398 Publication quality tables
\heavyrulewidth=\dimen317
\lightrulewidth=\dimen318
\cmidrulewidth=\dimen319
\belowrulesep=\dimen320
\belowbottomsep=\dimen321
\aboverulesep=\dimen322
\abovetopsep=\dimen323
\cmidrulesep=\dimen324
\cmidrulekern=\dimen325
\defaultaddspace=\dimen326
\@cmidla=\count368
\@cmidlb=\count369
\@aboverulesep=\dimen327
\@belowrulesep=\dimen328
\@thisruleclass=\count370
\@lastruleclass=\count371
\@thisrulewidth=\dimen329
)
(c:/Program Files/texlive/2025/texmf-dist/tex/generic/pgf/frontendlayer/tikz/li
braries/tikzlibrarypositioning.code.tex
File: tikzlibrarypositioning.code.tex 2025-08-29 v3.1.11a (3.1.11a)
)
(c:/Program Files/texlive/2025/texmf-dist/tex/generic/pgf/libraries/pgflibrarya
rrows.meta.code.tex
File: pgflibraryarrows.meta.code.tex 2025-08-29 v3.1.11a (3.1.11a)
\pgfarrowinset=\dimen330
\pgfarrowlength=\dimen331
\pgfarrowwidth=\dimen332
\pgfarrowlinewidth=\dimen333
)
(c:/Program Files/texlive/2025/texmf-dist/tex/generic/pgf/frontendlayer/tikz/li
braries/tikzlibraryshapes.multipart.code.tex
File: tikzlibraryshapes.multipart.code.tex 2025-08-29 v3.1.11a (3.1.11a)

(c:/Program Files/texlive/2025/texmf-dist/tex/generic/pgf/libraries/shapes/pgfl
ibraryshapes.multipart.code.tex
File: pgflibraryshapes.multipart.code.tex 2025-08-29 v3.1.11a (3.1.11a)
\pgfnodepartlowerbox=\box85
\pgfnodeparttwobox=\box86
\pgfnodepartthreebox=\box87
\pgfnodepartfourbox=\box88
\pgfnodeparttwentybox=\box89
\pgfnodepartnineteenbox=\box90
\pgfnodeparteighteenbox=\box91
\pgfnodepartseventeenbox=\box92
\pgfnodepartsixteenbox=\box93
\pgfnodepartfifteenbox=\box94
\pgfnodepartfourteenbox=\box95
\pgfnodepartthirteenbox=\box96
\pgfnodeparttwelvebox=\box97
\pgfnodepartelevenbox=\box98
\pgfnodeparttenbox=\box99
\pgfnodepartninebox=\box100
\pgfnodeparteightbox=\box101
\pgfnodepartsevenbox=\box102
\pgfnodepartsixbox=\box103
\pgfnodepartfivebox=\box104
))
(c:/Program Files/texlive/2025/texmf-dist/tex/latex/comfortaa/comfortaa.sty
Package: comfortaa 2019/06/20 Style file for Comfortaa.

(c:/Program Files/texlive/2025/texmf-dist/tex/generic/iftex/ifluatex.sty
Package: ifluatex 2019/10/25 v1.5 ifluatex legacy package. Use iftex instead.
)
(c:/Program Files/texlive/2025/texmf-dist/tex/generic/iftex/ifxetex.sty
Package: ifxetex 2019/10/25 v0.7 ifxetex legacy package. Use iftex instead.
)
(c:/Program Files/texlive/2025/texmf-dist/tex/latex/xkeyval/xkeyval.sty
Package: xkeyval 2025/11/04 v2.10 package option processing (HA)

(c:/Program Files/texlive/2025/texmf-dist/tex/generic/xkeyval/xkeyval.tex
(c:/Program Files/texlive/2025/texmf-dist/tex/generic/xkeyval/xkvutils.tex
\XKV@toks=\toks50
\XKV@tempa@toks=\toks51
\XKV@tempb@toks=\toks52
)
\XKV@depth=\count372
File: xkeyval.tex 2014/12/03 v2.7a key=value parser (HA)
)))
LaTeX Font Info:    Trying to load font information for T1+comfortaa on input l
ine 46.

(c:/Program Files/texlive/2025/texmf-dist/tex/latex/comfortaa/T1comfortaa.fd
File: T1comfortaa.fd 2019/06/24 Font definitions for T1/comfortaa.
)
LaTeX Font Info:    Font shape `T1/comfortaa/m/n' will be
(Font)              scaled to size 10.95pt on input line 46.

(c:/Program Files/texlive/2025/texmf-dist/tex/latex/l3backend/l3backend-pdftex.
def
File: l3backend-pdftex.def 2025-10-09 L3 backend support: PDF output (pdfTeX)
\l__color_backend_stack_int=\count373
) (./presentation.aux)
\openout1 = `presentation.aux'.

LaTeX Font Info:    Checking defaults for OML/cmm/m/it on input line 46.
LaTeX Font Info:    ... okay on input line 46.
LaTeX Font Info:    Checking defaults for OMS/cmsy/m/n on input line 46.
LaTeX Font Info:    ... okay on input line 46.
LaTeX Font Info:    Checking defaults for OT1/cmr/m/n on input line 46.
LaTeX Font Info:    ... okay on input line 46.
LaTeX Font Info:    Checking defaults for T1/cmr/m/n on input line 46.
LaTeX Font Info:    ... okay on input line 46.
LaTeX Font Info:    Checking defaults for TS1/cmr/m/n on input line 46.
LaTeX Font Info:    ... okay on input line 46.
LaTeX Font Info:    Checking defaults for OMX/cmex/m/n on input line 46.
LaTeX Font Info:    ... okay on input line 46.
LaTeX Font Info:    Checking defaults for U/cmr/m/n on input line 46.
LaTeX Font Info:    ... okay on input line 46.
LaTeX Font Info:    Checking defaults for PD1/pdf/m/n on input line 46.
LaTeX Font Info:    ... okay on input line 46.
LaTeX Font Info:    Checking defaults for PU/pdf/m/n on input line 46.
LaTeX Font Info:    ... okay on input line 46.

*geometry* driver: auto-detecting
*geometry* detected driver: pdftex
*geometry* verbose mode - [ preamble ] result:
* driver: pdftex
* paper: custom
* layout: <same size as paper>
* layoutoffset:(h,v)=(0.0pt,0.0pt)
* modes: includehead includefoot 
* h-part:(L,W,R)=(28.45274pt, 398.3386pt, 28.45274pt)
* v-part:(T,H,B)=(0.0pt, 256.0748pt, 0.0pt)
* \paperwidth=455.24408pt
* \paperheight=256.0748pt
* \textwidth=398.3386pt
* \textheight=227.62207pt
* \oddsidemargin=-43.81725pt
* \evensidemargin=-43.81725pt
* \topmargin=-72.26999pt
* \headheight=14.22636pt
* \headsep=0.0pt
* \topskip=11.0pt
* \footskip=14.22636pt
* \marginparwidth=4.0pt
* \marginparsep=10.0pt
* \columnsep=10.0pt
* \skip\footins=10.0pt plus 4.0pt minus 2.0pt
* \hoffset=0.0pt
* \voffset=0.0pt
* \mag=1000
* \@twocolumnfalse
* \@twosidefalse
* \@mparswitchfalse
* \@reversemarginfalse
* (1in=72.27pt=25.4mm, 1cm=28.453pt)

(c:/Program Files/texlive/2025/texmf-dist/tex/context/base/mkii/supp-pdf.mkii
[Loading MPS to PDF converter (version 2006.09.02).]
\scratchcounter=\count374
\scratchdimen=\dimen334
\scratchbox=\box105
\nofMPsegments=\count375
\nofMParguments=\count376
\everyMPshowfont=\toks53
\MPscratchCnt=\count377
\MPscratchDim=\dimen335
\MPnumerator=\count378
\makeMPintoPDFobject=\count379
\everyMPtoPDFconversion=\toks54
)
(c:/Program Files/texlive/2025/texmf-dist/tex/latex/epstopdf-pkg/epstopdf-base.
sty
Package: epstopdf-base 2020-01-24 v2.11 Base part for package epstopdf
Package epstopdf-base Info: Redefining graphics rule for `.eps' on input line 4
85.

(c:/Program Files/texlive/2025/texmf-dist/tex/latex/latexconfig/epstopdf-sys.cf
g
File: epstopdf-sys.cfg 2010/07/13 v1.3 Configuration of (r)epstopdf for TeX Liv
e
))
Package hyperref Info: Link coloring OFF on input line 46.
 (./presentation.out) (./presentation.out)
\@outlinefile=\write5
\openout5 = `presentation.out'.

LaTeX Font Info:    Overwriting symbol font `operators' in version `normal'
(Font)                  OT1/cmr/m/n --> OT1/cmss/m/n on input line 46.
LaTeX Font Info:    Overwriting symbol font `operators' in version `bold'
(Font)                  OT1/cmr/bx/n --> OT1/cmss/b/n on input line 46.
\symnumbers=\mathgroup6
\sympureletters=\mathgroup7
LaTeX Font Info:    Overwriting math alphabet `\mathrm' in version `normal'
(Font)                  OT1/cmss/m/n --> T1/cmr/m/n on input line 46.
LaTeX Font Info:    Redeclaring math alphabet \mathbf on input line 46.
LaTeX Font Info:    Overwriting math alphabet `\mathbf' in version `normal'
(Font)                  OT1/cmr/bx/n --> T1/cmss/b/n on input line 46.
LaTeX Font Info:    Overwriting math alphabet `\mathbf' in version `bold'
(Font)                  OT1/cmr/bx/n --> T1/cmss/b/n on input line 46.
LaTeX Font Info:    Redeclaring math alphabet \mathsf on input line 46.
LaTeX Font Info:    Overwriting math alphabet `\mathsf' in version `normal'
(Font)                  OT1/cmss/m/n --> T1/cmss/m/n on input line 46.
LaTeX Font Info:    Overwriting math alphabet `\mathsf' in version `bold'
(Font)                  OT1/cmss/bx/n --> T1/cmss/m/n on input line 46.
LaTeX Font Info:    Redeclaring math alphabet \mathit on input line 46.
LaTeX Font Info:    Overwriting math alphabet `\mathit' in version `normal'
(Font)                  OT1/cmr/m/it --> T1/cmss/m/it on input line 46.
LaTeX Font Info:    Overwriting math alphabet `\mathit' in version `bold'
(Font)                  OT1/cmr/bx/it --> T1/cmss/m/it on input line 46.
LaTeX Font Info:    Redeclaring math alphabet \mathtt on input line 46.
LaTeX Font Info:    Overwriting math alphabet `\mathtt' in version `normal'
(Font)                  OT1/cmtt/m/n --> T1/cmtt/m/n on input line 46.
LaTeX Font Info:    Overwriting math alphabet `\mathtt' in version `bold'
(Font)                  OT1/cmtt/m/n --> T1/cmtt/m/n on input line 46.
LaTeX Font Info:    Overwriting symbol font `numbers' in version `bold'
(Font)                  T1/cmss/m/n --> T1/cmss/b/n on input line 46.
LaTeX Font Info:    Overwriting symbol font `pureletters' in version `bold'
(Font)                  T1/cmss/m/it --> T1/cmss/b/it on input line 46.
LaTeX Font Info:    Overwriting math alphabet `\mathrm' in version `bold'
(Font)                  OT1/cmss/b/n --> T1/cmr/b/n on input line 46.
LaTeX Font Info:    Overwriting math alphabet `\mathbf' in version `bold'
(Font)                  T1/cmss/b/n --> T1/cmss/b/n on input line 46.
LaTeX Font Info:    Overwriting math alphabet `\mathsf' in version `bold'
(Font)                  T1/cmss/m/n --> T1/cmss/b/n on input line 46.
LaTeX Font Info:    Overwriting math alphabet `\mathit' in version `bold'
(Font)                  T1/cmss/m/it --> T1/cmss/b/it on input line 46.
LaTeX Font Info:    Overwriting math alphabet `\mathtt' in version `bold'
(Font)                  T1/cmtt/m/n --> T1/cmtt/b/n on input line 46.
LaTeX Font Info:    Redeclaring symbol font `pureletters' on input line 46.
LaTeX Font Info:    Encoding `T1' has changed to `OT1' for symbol font
(Font)              `pureletters' in the math version `normal' on input line 46
.
LaTeX Font Info:    Overwriting symbol font `pureletters' in version `normal'
(Font)                  T1/cmss/m/it --> OT1/mathkerncmss/m/sl on input line 46
.
LaTeX Font Info:    Encoding `T1' has changed to `OT1' for symbol font
(Font)              `pureletters' in the math version `bold' on input line 46.
LaTeX Font Info:    Overwriting symbol font `pureletters' in version `bold'
(Font)                  T1/cmss/b/it --> OT1/mathkerncmss/m/sl on input line 46
.
LaTeX Font Info:    Overwriting symbol font `pureletters' in version `bold'
(Font)                  OT1/mathkerncmss/m/sl --> OT1/mathkerncmss/bx/sl on inp
ut line 46.

(c:/Program Files/texlive/2025/texmf-dist/tex/latex/translator/translator-basic
-dictionary-English.dict
Dictionary: translator-basic-dictionary, Language: English 
)
(c:/Program Files/texlive/2025/texmf-dist/tex/latex/translator/translator-bibli
ography-dictionary-English.dict
Dictionary: translator-bibliography-dictionary, Language: English 
)
(c:/Program Files/texlive/2025/texmf-dist/tex/latex/translator/translator-envir
onment-dictionary-English.dict
Dictionary: translator-environment-dictionary, Language: English 
)
(c:/Program Files/texlive/2025/texmf-dist/tex/latex/translator/translator-month
s-dictionary-English.dict
Dictionary: translator-months-dictionary, Language: English 
)
(c:/Program Files/texlive/2025/texmf-dist/tex/latex/translator/translator-numbe
rs-dictionary-English.dict
Dictionary: translator-numbers-dictionary, Language: English 
)
(c:/Program Files/texlive/2025/texmf-dist/tex/latex/translator/translator-theor
em-dictionary-English.dict
Dictionary: translator-theorem-dictionary, Language: English 
) (./presentation.nav)
LaTeX Font Info:    Font shape `T1/comfortaa/m/n' will be
(Font)              scaled to size 6.0pt on input line 46.
LaTeX Font Info:    Font shape `T1/comfortaa/m/n' will be
(Font)              scaled to size 17.28pt on input line 66.
LaTeX Font Info:    Font shape `T1/comfortaa/b/n' will be
(Font)              scaled to size 17.28pt on input line 66.
LaTeX Font Info:    Font shape `T1/comfortaa/b/n' will be
(Font)              scaled to size 10.95pt on input line 66.
LaTeX Font Info:    Font shape `T1/comfortaa/m/n' will be
(Font)              scaled to size 10.0pt on input line 66.
LaTeX Font Info:    Font shape `T1/comfortaa/m/n' will be
(Font)              scaled to size 4.0pt on input line 66.
 [1

{c:/Program Files/texlive/2025/texmf-var/fonts/map/pdftex/updmap/pdftex.map}{c:
/Program Files/texlive/2025/texmf-dist/fonts/enc/dvips/comfortaa/a_xu66hj.enc}]
 [2

]
Overfull \hbox (3.45325pt too wide) in paragraph at lines 116--116
 [][] 
 []

[3

]
LaTeX Font Info:    Font shape `T1/comfortaa/b/n' will be
(Font)              scaled to size 10.0pt on input line 153.
 [4

]
LaTeX Font Info:    Font shape `T1/comfortaa/m/it' in size <10.95> not availabl
e
(Font)              Font shape `T1/comfortaa/m/sl' tried instead on input line 
184.
LaTeX Font Info:    Font shape `T1/comfortaa/m/sl' will be
(Font)              scaled to size 10.95pt on input line 184.
 [5

{c:/Program Files/texlive/2025/texmf-dist/fonts/enc/dvips/cm-super/cm-super-t1.
enc}]
LaTeX Font Info:    Font shape `T1/comfortaa/m/n' will be
(Font)              scaled to size 8.0pt on input line 228.
LaTeX Font Info:    Font shape `T1/comfortaa/b/n' will be
(Font)              scaled to size 8.0pt on input line 228.
LaTeX Font Info:    Trying to load font information for U+msa on input line 228
.

(c:/Program Files/texlive/2025/texmf-dist/tex/latex/amsfonts/umsa.fd
File: umsa.fd 2013/01/14 v3.01 AMS symbols A
)
LaTeX Font Info:    Trying to load font information for U+msb on input line 228
.

(c:/Program Files/texlive/2025/texmf-dist/tex/latex/amsfonts/umsb.fd
File: umsb.fd 2013/01/14 v3.01 AMS symbols B
)
LaTeX Font Info:    Trying to load font information for OT1+mathkerncmss on inp
ut line 228.

(c:/Program Files/texlive/2025/texmf-dist/tex/latex/sansmathaccent/ot1mathkernc
mss.fd
File: ot1mathkerncmss.fd 2020/01/31 Fontinst v1.933 font definitions for OT1/ma
thkerncmss.
) [6

]
LaTeX Font Info:    Font shape `T1/comfortaa/m/n' will be
(Font)              scaled to size 24.88pt on input line 236.
LaTeX Font Info:    Font shape `T1/comfortaa/b/n' will be
(Font)              scaled to size 24.88pt on input line 236.
 [7

]
LaTeX Font Info:    Font shape `T1/comfortaa/m/it' in size <10> not available
(Font)              Font shape `T1/comfortaa/m/sl' tried instead on input line 
267.
LaTeX Font Info:    Font shape `T1/comfortaa/m/sl' will be
(Font)              scaled to size 10.0pt on input line 267.
 [8

]
LaTeX Font Info:    Font shape `T1/comfortaa/m/n' will be
(Font)              scaled to size 9.0pt on input line 305.

Underfull \hbox (badness 1087) in paragraph at lines 305--305
\T1/comfortaa/m/n/9 Qube, si in-te-gra di-ret-ta-mente nella pipeline di
 []


Underfull \hbox (badness 5460) in paragraph at lines 305--305
\T1/comfortaa/m/n/9 Static Ap-pli-ca-tion Se-cu-rity Test-ing (SAST) es-
 []

[9

]
LaTeX Font Info:    Font shape `T1/comfortaa/m/n' will be
(Font)              scaled to size 14.4pt on input line 329.
LaTeX Font Info:    Font shape `T1/comfortaa/b/n' will be
(Font)              scaled to size 14.4pt on input line 329.
 [10

]
LaTeX Font Info:    Font shape `T1/comfortaa/b/n' will be
(Font)              scaled to size 9.0pt on input line 368.
LaTeX Font Info:    Font shape `T1/comfortaa/m/it' in size <8> not available
(Font)              Font shape `T1/comfortaa/m/sl' tried instead on input line 
368.
LaTeX Font Info:    Font shape `T1/comfortaa/m/sl' will be
(Font)              scaled to size 8.0pt on input line 368.
LaTeX Font Info:    Font shape `T1/comfortaa/m/it' in size <9> not available
(Font)              Font shape `T1/comfortaa/m/sl' tried instead on input line 
368.
LaTeX Font Info:    Font shape `T1/comfortaa/m/sl' will be
(Font)              scaled to size 9.0pt on input line 368.
 [11

] [12

] [13

]
Underfull \hbox (badness 1173) in paragraph at lines 449--449
[]$\OMS/cmsy/m/n/8 ^^O$ \T1/comfortaa/b/n/8 Risoluzione Scrit-ture\T1/comfortaa
/m/n/8 : in-trodotte op-er-azioni \T1/comfortaa/b/n/8 batch na-tive JDBC \T1/co
mfortaa/m/n/8 (\T1/cmtt/m/n/8 addBatch()\T1/comfortaa/m/n/8 , 
 []

[14

] [15

] [16

]
Overfull \vbox (0.72032pt too high) detected at line 530
 []

[17

]
LaTeX Font Info:    Font shape `T1/comfortaa/m/n' will be
(Font)              scaled to size 12.0pt on input line 556.
LaTeX Font Info:    Font shape `T1/comfortaa/b/n' will be
(Font)              scaled to size 12.0pt on input line 556.
 [18

]
LaTeX Font Info:    Font shape `T1/cmtt/bx/n' in size <10.95> not available
(Font)              Font shape `T1/cmtt/m/n' tried instead on input line 587.
 [19

] [20

]
Underfull \hbox (badness 2707) in paragraph at lines 643--643
[]\T1/comfortaa/m/n/9 Dall'analisi di \T1/comfortaa/m/sl/9 Cree-dengo \T1/comfo
rtaa/m/n/9 č emerso che gli anti-pattern re-spon-s- 
 []


Underfull \hbox (badness 2293) in paragraph at lines 643--643
[]\T1/comfortaa/m/n/9 Per mis-urare si-mul-tane-a-mente le per-for-mance tem-po
-rali (\T1/comfortaa/b/n/9 JMH\T1/comfortaa/m/n/9 ) e 
 []

[21

] [22

] [23

]
LaTeX Font Info:    Font shape `T1/comfortaa/m/n' will be
(Font)              scaled to size 5.0pt on input line 725.
 [24

] [25

]
LaTeX Font Info:    Font shape `T1/comfortaa/m/it' in size <6> not available
(Font)              Font shape `T1/comfortaa/m/sl' tried instead on input line 
796.
LaTeX Font Info:    Font shape `T1/comfortaa/m/sl' will be
(Font)              scaled to size 6.0pt on input line 796.
LaTeX Font Info:    Font shape `T1/cmtt/bx/n' in size <6> not available
(Font)              Font shape `T1/cmtt/m/n' tried instead on input line 796.
 [26

] [27

] [28

] [29

] [30

] [31

] [32

]
Underfull \hbox (badness 1596) in paragraph at lines 1031--1031
[]\T1/comfortaa/m/n/8 La strate-gia di pro-fi-lazione si fo-cal-izza es-clu-si-
va-mente sulle \T1/comfortaa/m/sl/8 servlet \T1/comfortaa/m/n/8 des- 
 []


Underfull \hbox (badness 1253) in paragraph at lines 1031--1031
\T1/comfortaa/m/n/8 ti-nate all'utenza fi-nale. Com-po-nenti di am-min-is-trazi
one o di setup (come 
 []

[33

] [34

] [35

] [36

] [37

]
Overfull \vbox (8.77145pt too high) detected at line 1198
 []

[38

] [39

] [40

] [41

]
Underfull \hbox (badness 10000) in paragraph at lines 1327--1327
[]$\OMS/cmsy/m/n/6 ^^O$ \T1/comfortaa/b/n/6 Du-rata To-tale ($\OT1/mathkerncmss
/m/sl/6 T[]$\T1/comfortaa/b/n/6 , s): \T1/comfortaa/m/n/6 L'esatta fines-tra di
 sim-u-
 []


Underfull \hbox (badness 10000) in paragraph at lines 1327--1327
[]$\OMS/cmsy/m/n/6 ^^O$ \T1/comfortaa/b/n/6 En-er-gia CPU Pack-age ($\OT1/mathk
erncmss/m/sl/6 E[]$\T1/comfortaa/b/n/6 , J): \T1/comfortaa/m/n/6 Il costo en-er
-getico
 []


Underfull \hbox (badness 10000) in paragraph at lines 1327--1327
\T1/comfortaa/m/n/6 "netto" dell'operazione (in-clusi \T1/comfortaa/m/sl/6 core
\T1/comfortaa/m/n/6 , \T1/comfortaa/m/sl/6 cache \T1/comfortaa/m/n/6 e con-
 []


Underfull \hbox (badness 10000) in paragraph at lines 1327--1327
[]$\OMS/cmsy/m/n/6 ^^O$ \T1/comfortaa/b/n/6 En-er-gia Core ($\OT1/mathkerncmss/
m/sl/6 E[]$\T1/comfortaa/b/n/6 , J): \T1/comfortaa/m/n/6 L'assorbimento lim-i-t
ato ai
 []


Underfull \hbox (badness 10000) in paragraph at lines 1327--1327
\T1/comfortaa/m/n/6 soli \T1/comfortaa/m/sl/6 core\T1/comfortaa/m/n/6 . Č l'ind
icatore principe dell'efficienza al-go-
 []


Underfull \hbox (badness 10000) in paragraph at lines 1327--1327
[]$\OMS/cmsy/m/n/6 ^^O$ \T1/comfortaa/b/n/6 Potenza Me-dia ($\OT1/mathkerncmss/
m/sl/6 P[]$\T1/comfortaa/b/n/6 , W): \T1/comfortaa/m/n/6 Il tasso medio di con-

 []


Underfull \hbox (badness 10000) in paragraph at lines 1327--1327
\T1/comfortaa/m/n/6 sumo. Un ab-bas-sa-mento in-dica mag-giore per-ma-
 []


Underfull \hbox (badness 10000) in paragraph at lines 1327--1327
[]$\OMS/cmsy/m/n/6 ^^O$ \T1/comfortaa/b/n/6 CPU Us-age & Freq (% e MHz): \T1/co
mfortaa/m/n/6 Me-die e pic-chi. Al-
 []


Underfull \hbox (badness 10000) in paragraph at lines 1327--1327
\T1/comfortaa/m/n/6 go-ritmi snelli ab-bas-sano la fre-quenza op-er-a-tiva e
 []


Underfull \hbox (badness 10000) in paragraph at lines 1327--1327
\T1/comfortaa/m/n/6 il volt-ag-gio, smorzando il calore e l'\T1/comfortaa/m/sl/
6 active wait-ing
 []


Underfull \hbox (badness 10000) in paragraph at lines 1327--1327

 []


Underfull \hbox (badness 10000) in paragraph at lines 1327--1327
[]$\OMS/cmsy/m/n/6 ^^O$ \T1/comfortaa/b/n/6 RAM Us-age (Me-dia e Picco, MB): \T
1/comfortaa/m/n/6 L'impronta al-
 []


Underfull \hbox (badness 10000) in paragraph at lines 1327--1327
\T1/comfortaa/m/n/6 lo-cata nel sis-tema. Con-tenere la RAM nella JVM č
 []


Underfull \hbox (badness 10000) in paragraph at lines 1327--1327
\T1/comfortaa/m/n/6 l'unica via per scon-giu-rare onerosi ci-cli di \T1/comfort
aa/m/sl/6 Garbage
 []


Overfull \vbox (17.94089pt too high) detected at line 1327
 []

[42

]
LaTeX Font Info:    Font shape `T1/cmtt/bx/n' in size <12> not available
(Font)              Font shape `T1/cmtt/m/n' tried instead on input line 1366.
 [43

] [44

] [45

]
Overfull \vbox (11.05351pt too high) detected at line 1449
 []

[46

] [47

] [48

]
LaTeX Font Info:    Font shape `T1/comfortaa/b/it' in size <8> not available
(Font)              Font shape `T1/comfortaa/b/sl' tried instead on input line 
1547.
LaTeX Font Info:    Font shape `T1/comfortaa/b/sl' will be
(Font)              scaled to size 8.0pt on input line 1547.

Overfull \vbox (3.3235pt too high) detected at line 1547
 []

[49

]
LaTeX Font Info:    Font shape `T1/comfortaa/b/it' in size <12> not available
(Font)              Font shape `T1/comfortaa/b/sl' tried instead on input line 
1579.
LaTeX Font Info:    Font shape `T1/comfortaa/b/sl' will be
(Font)              scaled to size 12.0pt on input line 1579.

Overfull \vbox (3.90065pt too high) detected at line 1579
 []

[50

] [51

]
LaTeX Font Info:    Font shape `T1/cmtt/bx/n' in size <8> not available
(Font)              Font shape `T1/cmtt/m/n' tried instead on input line 1639.

Underfull \hbox (badness 1558) in paragraph at lines 1639--1639
[]$\OMS/cmsy/m/n/8 ^^O$ \T1/comfortaa/b/n/8 As-set Statici: \T1/comfortaa/m/n/8
 Un nuovo fil-tro in-ter-cetta le richi-este e ini-etta le di-ret-tive 
 []

[52

]
Underfull \hbox (badness 1728) in paragraph at lines 1669--1669
[]$\OMS/cmsy/m/n/8 ^^O$ \T1/comfortaa/b/n/8 Com-pres-sione \T1/comfortaa/b/sl/8
 On-The-Fly\T1/comfortaa/b/n/8 : \T1/comfortaa/m/n/8 In-cap-sula di-nami-ca-men
te la risposta in un 
 []

[53

] [54

] [55

]
Underfull \hbox (badness 10000) in paragraph at lines 1759--1759
[]$\OMS/cmsy/m/n/8 ^^O$ \T1/comfortaa/b/n/8 Abil-i-tazione \T1/comfortaa/b/sl/8
 Server-side\T1/comfortaa/b/n/8 : \T1/comfortaa/m/n/8 Il \T1/cmtt/m/n/8 Caching
Filter \T1/comfortaa/m/n/8 ini-etta l'header 
 []

[56

]
LaTeX Font Info:    Font shape `T1/comfortaa/b/it' in size <14.4> not available

(Font)              Font shape `T1/comfortaa/b/sl' tried instead on input line 
1789.
LaTeX Font Info:    Font shape `T1/comfortaa/b/sl' will be
(Font)              scaled to size 14.4pt on input line 1789.
 [57

] [58

] [59

] [60

]
LaTeX Font Info:    Font shape `T1/comfortaa/m/n' will be
(Font)              scaled to size 7.0pt on input line 1902.
 [61

]
LaTeX Font Info:    Font shape `T1/comfortaa/b/it' in size <6> not available
(Font)              Font shape `T1/comfortaa/b/sl' tried instead on input line 
1931.
LaTeX Font Info:    Font shape `T1/comfortaa/b/sl' will be
(Font)              scaled to size 6.0pt on input line 1931.
 [62

] [63

] [64

] [65

] [66

] [67

] [68

] [69

] [70

]
[71

] [72

] [73

] [74

] [75

] [76

] [77

] [78

] [79

] [80

] [81

]
\tf@nav=\write6
\openout6 = `presentation.nav'.

\tf@toc=\write7
\openout7 = `presentation.toc'.

\tf@snm=\write8
\openout8 = `presentation.snm'.

 (./presentation.aux)
 ***********
LaTeX2e <2025-11-01>
L3 programming layer <2025-12-29>
 ***********
Package rerunfilecheck Info: File `presentation.out' has not changed.
(rerunfilecheck)             Checksum: D41D8CD98F00B204E9800998ECF8427E;0.
 ) 
Here is how much of TeX's memory you used:
 27470 strings out of 467538
 547960 string characters out of 5401323
 988062 words of memory out of 5000000
 55643 multiletter control sequences out of 15000+600000
 855243 words of font info for 152 fonts, out of 8000000 for 9000
 1141 hyphenation exceptions out of 8191
 128i,15n,123p,522b,1166s stack positions out of 10000i,1000n,20000p,200000b,200000s
<c:/Program Files/texlive/2025/texmf-dist/fonts/type1/aajohan/comfortaa/Comfo
rtaa-Bold.pfb><c:/Program Files/texlive/2025/texmf-dist/fonts/type1/aajohan/com
fortaa/Comfortaa-Bold.pfb><c:/Program Files/texlive/2025/texmf-dist/fonts/type1
/aajohan/comfortaa/Comfortaa-Regular.pfb><c:/Program Files/texlive/2025/texmf-d
ist/fonts/type1/aajohan/comfortaa/Comfortaa-Regular.pfb><c:/Program Files/texli
ve/2025/texmf-dist/fonts/type1/public/amsfonts/cmextra/cmex7.pfb><c:/Program Fi
les/texlive/2025/texmf-dist/fonts/type1/public/amsfonts/cm/cmmi5.pfb><c:/Progra
m Files/texlive/2025/texmf-dist/fonts/type1/public/amsfonts/cm/cmss8.pfb><c:/Pr
ogram Files/texlive/2025/texmf-dist/fonts/type1/public/amsfonts/cm/cmss9.pfb><c
:/Program Files/texlive/2025/texmf-dist/fonts/type1/public/amsfonts/cm/cmssi10.
pfb><c:/Program Files/texlive/2025/texmf-dist/fonts/type1/public/amsfonts/cm/cm
ssi8.pfb><c:/Program Files/texlive/2025/texmf-dist/fonts/type1/public/amsfonts/
cm/cmssi9.pfb><c:/Program Files/texlive/2025/texmf-dist/fonts/type1/public/amsf
onts/cm/cmsy10.pfb><c:/Program Files/texlive/2025/texmf-dist/fonts/type1/public
/amsfonts/cm/cmsy6.pfb><c:/Program Files/texlive/2025/texmf-dist/fonts/type1/pu
blic/amsfonts/cm/cmsy8.pfb><c:/Program Files/texlive/2025/texmf-dist/fonts/type
1/public/amsfonts/cm/cmsy9.pfb><c:/Program Files/texlive/2025/texmf-dist/fonts/
type1/public/amsfonts/symbols/msam10.pfb><c:/Program Files/texlive/2025/texmf-d
ist/fonts/type1/public/amsfonts/symbols/msam7.pfb><c:/Program Files/texlive/202
5/texmf-dist/fonts/type1/public/cm-super/sfss0500.pfb><c:/Program Files/texlive
/2025/texmf-dist/fonts/type1/public/cm-super/sfss0600.pfb><c:/Program Files/tex
live/2025/texmf-dist/fonts/type1/public/cm-super/sfss0800.pfb><c:/Program Files
/texlive/2025/texmf-dist/fonts/type1/public/cm-super/sfss0900.pfb><c:/Program F
iles/texlive/2025/texmf-dist/fonts/type1/public/cm-super/sftt0800.pfb><c:/Progr
am Files/texlive/2025/texmf-dist/fonts/type1/public/cm-super/sftt0900.pfb><c:/P
rogram Files/texlive/2025/texmf-dist/fonts/type1/public/cm-super/sftt1000.pfb><
c:/Program Files/texlive/2025/texmf-dist/fonts/type1/public/cm-super/sftt1095.p
fb><c:/Program Files/texlive/2025/texmf-dist/fonts/type1/public/cm-super/sftt12
00.pfb>
Output written on presentation.pdf (81 pages, 542454 bytes).
PDF statistics:
 610 PDF objects out of 1000 (max. 8388607)
 464 compressed objects within 5 object streams
 163 named destinations out of 1000 (max. 500000)
 43 words of extra memory for PDF output out of 10000 (max. 10000000)

