This is pdfTeX, Version 3.141592653-2.6-1.40.28 (TeX Live 2025) (preloaded format=pdflatex 2026.1.3)  31 MAY 2026 11:41
entering extended mode
 restricted \write18 enabled.
 %&-line parsing enabled.
**report_sustainable_software_engineering_project.tex
(./report_sustainable_software_engineering_project.tex
LaTeX2e <2025-11-01>
L3 programming layer <2025-12-29>
(c:/Program Files/texlive/2025/texmf-dist/tex/latex/base/report.cls
Document Class: report 2025/01/22 v1.4n Standard LaTeX document class
(c:/Program Files/texlive/2025/texmf-dist/tex/latex/base/size12.clo
File: size12.clo 2025/01/22 v1.4n Standard LaTeX file (size option)
)
\c@part=\count275
\c@chapter=\count276
\c@section=\count277
\c@subsection=\count278
\c@subsubsection=\count279
\c@paragraph=\count280
\c@subparagraph=\count281
\c@figure=\count282
\c@table=\count283
\abovecaptionskip=\skip49
\belowcaptionskip=\skip50
\bibindent=\dimen148
)
(c:/Program Files/texlive/2025/texmf-dist/tex/latex/base/inputenc.sty
Package: inputenc 2024/02/08 v1.3d Input encoding file
\inpenc@prehook=\toks17
\inpenc@posthook=\toks18
)
(c:/Program Files/texlive/2025/texmf-dist/tex/latex/base/fontenc.sty
Package: fontenc 2025/07/18 v2.1d Standard LaTeX package
)
(c:/Program Files/texlive/2025/texmf-dist/tex/latex/lipsum/lipsum.sty
(c:/Program Files/texlive/2025/texmf-dist/tex/latex/l3packages/l3keys2e/l3keys2
e.sty (c:/Program Files/texlive/2025/texmf-dist/tex/latex/l3kernel/expl3.sty
Package: expl3 2025-12-29 L3 programming layer (loader) 

(c:/Program Files/texlive/2025/texmf-dist/tex/latex/l3backend/l3backend-pdftex.
def
File: l3backend-pdftex.def 2025-10-09 L3 backend support: PDF output (pdfTeX)
\l__color_backend_stack_int=\count284
))
Package: l3keys2e 2025-10-09 LaTeX2e option processing using LaTeX3 keys
)
Package: lipsum 2021-09-20 v2.7 150 paragraphs of Lorem Ipsum dummy text
\g__lipsum_par_int=\count285
\l__lipsum_a_int=\count286
\l__lipsum_b_int=\count287

(c:/Program Files/texlive/2025/texmf-dist/tex/latex/lipsum/lipsum.ltd.tex))
(c:/Program Files/texlive/2025/texmf-dist/tex/latex/csquotes/csquotes.sty
Package: csquotes 2024-04-04 v5.2o context-sensitive quotations (JAW)

(c:/Program Files/texlive/2025/texmf-dist/tex/latex/etoolbox/etoolbox.sty
Package: etoolbox 2025/10/02 v2.5m e-TeX tools for LaTeX (JAW)
\etb@tempcnta=\count288
)
(c:/Program Files/texlive/2025/texmf-dist/tex/latex/graphics/keyval.sty
Package: keyval 2022/05/29 v1.15 key=value parser (DPC)
\KV@toks@=\toks19
)
\csq@reset=\count289
\csq@gtype=\count290
\csq@glevel=\count291
\csq@qlevel=\count292
\csq@maxlvl=\count293
\csq@tshold=\count294
\csq@ltx@everypar=\toks20

(c:/Program Files/texlive/2025/texmf-dist/tex/latex/csquotes/csquotes.def
File: csquotes.def 2024-04-04 v5.2o csquotes generic definitions (JAW)
)
Package csquotes Info: Trying to load configuration file 'csquotes.cfg'...
Package csquotes Info: ... configuration file loaded successfully.

(c:/Program Files/texlive/2025/texmf-dist/tex/latex/csquotes/csquotes.cfg
File: csquotes.cfg 
))
(c:/Program Files/texlive/2025/texmf-dist/tex/latex/hyperref/hyperref.sty
Package: hyperref 2025-07-12 v7.01o Hypertext links for LaTeX

(c:/Program Files/texlive/2025/texmf-dist/tex/generic/iftex/iftex.sty
Package: iftex 2024/12/12 v1.0g TeX engine tests
)
(c:/Program Files/texlive/2025/texmf-dist/tex/latex/kvsetkeys/kvsetkeys.sty
Package: kvsetkeys 2022-10-05 v1.19 Key value parser (HO)
)
(c:/Program Files/texlive/2025/texmf-dist/tex/generic/kvdefinekeys/kvdefinekeys
.sty
Package: kvdefinekeys 2019-12-19 v1.6 Define keys (HO)
)
(c:/Program Files/texlive/2025/texmf-dist/tex/generic/pdfescape/pdfescape.sty
Package: pdfescape 2019/12/09 v1.15 Implements pdfTeX's escape features (HO)

(c:/Program Files/texlive/2025/texmf-dist/tex/generic/ltxcmds/ltxcmds.sty
Package: ltxcmds 2023-12-04 v1.26 LaTeX kernel commands for general use (HO)
)
(c:/Program Files/texlive/2025/texmf-dist/tex/generic/pdftexcmds/pdftexcmds.sty
Package: pdftexcmds 2020-06-27 v0.33 Utility functions of pdfTeX for LuaTeX (HO
)
(c:/Program Files/texlive/2025/texmf-dist/tex/generic/infwarerr/infwarerr.sty
Package: infwarerr 2019/12/03 v1.5 Providing info/warning/error messages (HO)
)
Package pdftexcmds Info: \pdf@primitive is available.
Package pdftexcmds Info: \pdf@ifprimitive is available.
Package pdftexcmds Info: \pdfdraftmode found.
)) (c:/Program Files/texlive/2025/texmf-dist/tex/latex/hycolor/hycolor.sty
Package: hycolor 2020-01-27 v1.10 Color options for hyperref/bookmark (HO)
)
(c:/Program Files/texlive/2025/texmf-dist/tex/latex/hyperref/nameref.sty
Package: nameref 2025-06-21 v2.57 Cross-referencing by name of section

(c:/Program Files/texlive/2025/texmf-dist/tex/latex/refcount/refcount.sty
Package: refcount 2019/12/15 v3.6 Data extraction from label references (HO)
)
(c:/Program Files/texlive/2025/texmf-dist/tex/generic/gettitlestring/gettitlest
ring.sty
Package: gettitlestring 2019/12/15 v1.6 Cleanup title references (HO)

(c:/Program Files/texlive/2025/texmf-dist/tex/latex/kvoptions/kvoptions.sty
Package: kvoptions 2022-06-15 v3.15 Key value format for package options (HO)
))
\c@section@level=\count295
)
(c:/Program Files/texlive/2025/texmf-dist/tex/generic/stringenc/stringenc.sty
Package: stringenc 2019/11/29 v1.12 Convert strings between diff. encodings (HO
)
)
\@linkdim=\dimen149
\Hy@linkcounter=\count296
\Hy@pagecounter=\count297

(c:/Program Files/texlive/2025/texmf-dist/tex/latex/hyperref/pd1enc.def
File: pd1enc.def 2025-07-12 v7.01o Hyperref: PDFDocEncoding definition (HO)
Now handling font encoding PD1 ...
... no UTF-8 mapping file for font encoding PD1
)
(c:/Program Files/texlive/2025/texmf-dist/tex/generic/intcalc/intcalc.sty
Package: intcalc 2019/12/15 v1.3 Expandable calculations with integers (HO)
)
\Hy@SavedSpaceFactor=\count298

(c:/Program Files/texlive/2025/texmf-dist/tex/latex/hyperref/puenc.def
File: puenc.def 2025-07-12 v7.01o Hyperref: PDF Unicode definition (HO)
Now handling font encoding PU ...
... no UTF-8 mapping file for font encoding PU
)
Package hyperref Info: Hyper figures OFF on input line 4195.
Package hyperref Info: Link nesting OFF on input line 4200.
Package hyperref Info: Hyper index ON on input line 4203.
Package hyperref Info: Plain pages OFF on input line 4210.
Package hyperref Info: Backreferencing OFF on input line 4215.
Package hyperref Info: Implicit mode ON; LaTeX internals redefined.
Package hyperref Info: Bookmarks ON on input line 4462.
\c@Hy@tempcnt=\count299

(c:/Program Files/texlive/2025/texmf-dist/tex/latex/url/url.sty
\Urlmuskip=\muskip17
Package: url 2013/09/16  ver 3.4  Verb mode for urls, etc.
)
LaTeX Info: Redefining \url on input line 4801.
\XeTeXLinkMargin=\dimen150

(c:/Program Files/texlive/2025/texmf-dist/tex/generic/bitset/bitset.sty
Package: bitset 2019/12/09 v1.3 Handle bit-vector datatype (HO)

(c:/Program Files/texlive/2025/texmf-dist/tex/generic/bigintcalc/bigintcalc.sty
Package: bigintcalc 2019/12/15 v1.5 Expandable calculations on big integers (HO
)
))
\Fld@menulength=\count300
\Field@Width=\dimen151
\Fld@charsize=\dimen152
Package hyperref Info: Hyper figures OFF on input line 6078.
Package hyperref Info: Link nesting OFF on input line 6083.
Package hyperref Info: Hyper index ON on input line 6086.
Package hyperref Info: backreferencing OFF on input line 6093.
Package hyperref Info: Link coloring OFF on input line 6098.
Package hyperref Info: Link coloring with OCG OFF on input line 6103.
Package hyperref Info: PDF/A mode OFF on input line 6108.
\Hy@abspage=\count301
\c@Item=\count302
\c@Hfootnote=\count303
)
Package hyperref Info: Driver (autodetected): hpdftex.
 (c:/Program Files/texlive/2025/texmf-dist/tex/latex/hyperref/hpdftex.def
File: hpdftex.def 2025-07-12 v7.01o Hyperref driver for pdfTeX
\Fld@listcount=\count304
\c@bookmark@seq@number=\count305

(c:/Program Files/texlive/2025/texmf-dist/tex/latex/rerunfilecheck/rerunfileche
ck.sty
Package: rerunfilecheck 2025-06-21 v1.11 Rerun checks for auxiliary files (HO)

(c:/Program Files/texlive/2025/texmf-dist/tex/generic/uniquecounter/uniquecount
er.sty
Package: uniquecounter 2019/12/15 v1.4 Provide unlimited unique counter (HO)
)
Package uniquecounter Info: New unique counter `rerunfilecheck' on input line 2
84.
)
\Hy@SectionHShift=\skip51
)
(c:/Program Files/texlive/2025/texmf-dist/tex/latex/graphics/graphicx.sty
Package: graphicx 2024/12/31 v1.2e Enhanced LaTeX Graphics (DPC,SPQR)

(c:/Program Files/texlive/2025/texmf-dist/tex/latex/graphics/graphics.sty
Package: graphics 2024/08/06 v1.4g Standard LaTeX Graphics (DPC,SPQR)

(c:/Program Files/texlive/2025/texmf-dist/tex/latex/graphics/trig.sty
Package: trig 2023/12/02 v1.11 sin cos tan (DPC)
)
(c:/Program Files/texlive/2025/texmf-dist/tex/latex/graphics-cfg/graphics.cfg
File: graphics.cfg 2016/06/04 v1.11 sample graphics configuration
)
Package graphics Info: Driver file: pdftex.def on input line 106.

(c:/Program Files/texlive/2025/texmf-dist/tex/latex/graphics-def/pdftex.def
File: pdftex.def 2025/09/29 v1.2d Graphics/color driver for pdftex
))
\Gin@req@height=\dimen153
\Gin@req@width=\dimen154
)
(c:/Program Files/texlive/2025/texmf-dist/tex/latex/geometry/geometry.sty
Package: geometry 2020/01/02 v5.9 Page Geometry

(c:/Program Files/texlive/2025/texmf-dist/tex/generic/iftex/ifvtex.sty
Package: ifvtex 2019/10/25 v1.7 ifvtex legacy package. Use iftex instead.
)
\Gm@cnth=\count306
\Gm@cntv=\count307
\c@Gm@tempcnt=\count308
\Gm@bindingoffset=\dimen155
\Gm@wd@mp=\dimen156
\Gm@odd@mp=\dimen157
\Gm@even@mp=\dimen158
\Gm@layoutwidth=\dimen159
\Gm@layoutheight=\dimen160
\Gm@layouthoffset=\dimen161
\Gm@layoutvoffset=\dimen162
\Gm@dimlist=\toks21
)
(c:/Program Files/texlive/2025/texmf-dist/tex/latex/listings/listings.sty
\lst@mode=\count309
\lst@gtempboxa=\box53
\lst@token=\toks22
\lst@length=\count310
\lst@currlwidth=\dimen163
\lst@column=\count311
\lst@pos=\count312
\lst@lostspace=\dimen164
\lst@width=\dimen165
\lst@newlines=\count313
\lst@lineno=\count314
\lst@maxwidth=\dimen166

(c:/Program Files/texlive/2025/texmf-dist/tex/latex/listings/lstpatch.sty
File: lstpatch.sty 2025/11/14 1.11b (Carsten Heinz)
)
(c:/Program Files/texlive/2025/texmf-dist/tex/latex/listings/lstmisc.sty
File: lstmisc.sty 2025/11/14 1.11b (Carsten Heinz)
\c@lstnumber=\count315
\lst@skipnumbers=\count316
\lst@framebox=\box54
)
(c:/Program Files/texlive/2025/texmf-dist/tex/latex/listings/listings.cfg
File: listings.cfg 2025/11/14 1.11b listings configuration
))
Package: listings 2025/11/14 1.11b (Carsten Heinz)

==> First Aid for listings.sty no longer applied!
    Expected:
        2024/09/23 1.10c (Carsten Heinz)
    but found:
        2025/11/14 1.11b (Carsten Heinz)
    so I'm assuming it got fixed.
(c:/Program Files/texlive/2025/texmf-dist/tex/latex/xcolor/xcolor.sty
Package: xcolor 2024/09/29 v3.02 LaTeX color extensions (UK)

(c:/Program Files/texlive/2025/texmf-dist/tex/latex/graphics-cfg/color.cfg
File: color.cfg 2016/01/02 v1.6 sample color configuration
)
Package xcolor Info: Driver file: pdftex.def on input line 274.

(c:/Program Files/texlive/2025/texmf-dist/tex/latex/graphics/mathcolor.ltx)
Package xcolor Info: Model `cmy' substituted by `cmy0' on input line 1349.
Package xcolor Info: Model `hsb' substituted by `rgb' on input line 1353.
Package xcolor Info: Model `RGB' extended on input line 1365.
Package xcolor Info: Model `HTML' substituted by `rgb' on input line 1367.
Package xcolor Info: Model `Hsb' substituted by `hsb' on input line 1368.
Package xcolor Info: Model `tHsb' substituted by `hsb' on input line 1369.
Package xcolor Info: Model `HSB' substituted by `hsb' on input line 1370.
Package xcolor Info: Model `Gray' substituted by `gray' on input line 1371.
Package xcolor Info: Model `wave' substituted by `hsb' on input line 1372.
)
(c:/Program Files/texlive/2025/texmf-dist/tex/latex/booktabs/booktabs.sty
Package: booktabs 2020/01/12 v1.61803398 Publication quality tables
\heavyrulewidth=\dimen167
\lightrulewidth=\dimen168
\cmidrulewidth=\dimen169
\belowrulesep=\dimen170
\belowbottomsep=\dimen171
\aboverulesep=\dimen172
\abovetopsep=\dimen173
\cmidrulesep=\dimen174
\cmidrulekern=\dimen175
\defaultaddspace=\dimen176
\@cmidla=\count317
\@cmidlb=\count318
\@aboverulesep=\dimen177
\@belowrulesep=\dimen178
\@thisruleclass=\count319
\@lastruleclass=\count320
\@thisrulewidth=\dimen179
)
(c:/Program Files/texlive/2025/texmf-dist/tex/latex/tools/array.sty
Package: array 2025/09/25 v2.6n Tabular extension package (FMi)
\col@sep=\dimen180
\ar@mcellbox=\box55
\extrarowheight=\dimen181
\NC@list=\toks23
\extratabsurround=\skip52
\backup@length=\skip53
\ar@cellbox=\box56
)
(c:/Program Files/texlive/2025/texmf-dist/tex/latex/tools/longtable.sty
Package: longtable 2025-10-13 v4.24 Multi-page Table package (DPC)
\LTleft=\skip54
\LTright=\skip55
\LTpre=\skip56
\LTpost=\skip57
\LTchunksize=\count321
\LTcapwidth=\dimen182
\LT@head=\box57
\LT@firsthead=\box58
\LT@foot=\box59
\LT@lastfoot=\box60
\LT@gbox=\box61
\LT@cols=\count322
\LT@rows=\count323
\c@LT@tables=\count324
\c@LT@chunks=\count325
\LT@p@ftn=\toks24
)
(c:/Program Files/texlive/2025/texmf-dist/tex/latex/colortbl/colortbl.sty
Package: colortbl 2024/10/29 v1.0k Color table columns (DPC)
\everycr=\toks25
\minrowclearance=\skip58
\rownum=\count326
)
(c:/Program Files/texlive/2025/texmf-dist/tex/latex/pgf/frontendlayer/tikz.sty
(c:/Program Files/texlive/2025/texmf-dist/tex/latex/pgf/basiclayer/pgf.sty
(c:/Program Files/texlive/2025/texmf-dist/tex/latex/pgf/utilities/pgfrcs.sty
(c:/Program Files/texlive/2025/texmf-dist/tex/generic/pgf/utilities/pgfutil-com
mon.tex
\pgfutil@everybye=\toks26
\pgfutil@tempdima=\dimen183
\pgfutil@tempdimb=\dimen184
)
(c:/Program Files/texlive/2025/texmf-dist/tex/generic/pgf/utilities/pgfutil-lat
ex.def
\pgfutil@abb=\box62
)
(c:/Program Files/texlive/2025/texmf-dist/tex/generic/pgf/utilities/pgfrcs.code
.tex (c:/Program Files/texlive/2025/texmf-dist/tex/generic/pgf/pgf.revision.tex
)
Package: pgfrcs 2025-08-29 v3.1.11a (3.1.11a)
))
Package: pgf 2025-08-29 v3.1.11a (3.1.11a)

(c:/Program Files/texlive/2025/texmf-dist/tex/latex/pgf/basiclayer/pgfcore.sty
(c:/Program Files/texlive/2025/texmf-dist/tex/latex/pgf/systemlayer/pgfsys.sty
(c:/Program Files/texlive/2025/texmf-dist/tex/generic/pgf/systemlayer/pgfsys.co
de.tex
Package: pgfsys 2025-08-29 v3.1.11a (3.1.11a)

(c:/Program Files/texlive/2025/texmf-dist/tex/generic/pgf/utilities/pgfkeys.cod
e.tex
\pgfkeys@pathtoks=\toks27
\pgfkeys@temptoks=\toks28

(c:/Program Files/texlive/2025/texmf-dist/tex/generic/pgf/utilities/pgfkeyslibr
aryfiltered.code.tex
\pgfkeys@tmptoks=\toks29
))
\pgf@x=\dimen185
\pgf@y=\dimen186
\pgf@xa=\dimen187
\pgf@ya=\dimen188
\pgf@xb=\dimen189
\pgf@yb=\dimen190
\pgf@xc=\dimen191
\pgf@yc=\dimen192
\pgf@xd=\dimen193
\pgf@yd=\dimen194
\w@pgf@writea=\write3
\r@pgf@reada=\read2
\c@pgf@counta=\count327
\c@pgf@countb=\count328
\c@pgf@countc=\count329
\c@pgf@countd=\count330
\t@pgf@toka=\toks30
\t@pgf@tokb=\toks31
\t@pgf@tokc=\toks32
\pgf@sys@id@count=\count331

(c:/Program Files/texlive/2025/texmf-dist/tex/generic/pgf/systemlayer/pgf.cfg
File: pgf.cfg 2025-08-29 v3.1.11a (3.1.11a)
)
Driver file for pgf: pgfsys-pdftex.def

(c:/Program Files/texlive/2025/texmf-dist/tex/generic/pgf/systemlayer/pgfsys-pd
ftex.def
File: pgfsys-pdftex.def 2025-08-29 v3.1.11a (3.1.11a)

(c:/Program Files/texlive/2025/texmf-dist/tex/generic/pgf/systemlayer/pgfsys-co
mmon-pdf.def
File: pgfsys-common-pdf.def 2025-08-29 v3.1.11a (3.1.11a)
)))
(c:/Program Files/texlive/2025/texmf-dist/tex/generic/pgf/systemlayer/pgfsyssof
tpath.code.tex
File: pgfsyssoftpath.code.tex 2025-08-29 v3.1.11a (3.1.11a)
\pgfsyssoftpath@smallbuffer@items=\count332
\pgfsyssoftpath@bigbuffer@items=\count333
)
(c:/Program Files/texlive/2025/texmf-dist/tex/generic/pgf/systemlayer/pgfsyspro
tocol.code.tex
File: pgfsysprotocol.code.tex 2025-08-29 v3.1.11a (3.1.11a)
))
(c:/Program Files/texlive/2025/texmf-dist/tex/generic/pgf/basiclayer/pgfcore.co
de.tex
Package: pgfcore 2025-08-29 v3.1.11a (3.1.11a)

(c:/Program Files/texlive/2025/texmf-dist/tex/generic/pgf/math/pgfmath.code.tex

(c:/Program Files/texlive/2025/texmf-dist/tex/generic/pgf/math/pgfmathutil.code
.tex)
(c:/Program Files/texlive/2025/texmf-dist/tex/generic/pgf/math/pgfmathparser.co
de.tex
\pgfmath@dimen=\dimen195
\pgfmath@count=\count334
\pgfmath@box=\box63
\pgfmath@toks=\toks33
\pgfmath@stack@operand=\toks34
\pgfmath@stack@operation=\toks35
)
(c:/Program Files/texlive/2025/texmf-dist/tex/generic/pgf/math/pgfmathfunctions
.code.tex)
(c:/Program Files/texlive/2025/texmf-dist/tex/generic/pgf/math/pgfmathfunctions
.basic.code.tex)
(c:/Program Files/texlive/2025/texmf-dist/tex/generic/pgf/math/pgfmathfunctions
.trigonometric.code.tex)
(c:/Program Files/texlive/2025/texmf-dist/tex/generic/pgf/math/pgfmathfunctions
.random.code.tex)
(c:/Program Files/texlive/2025/texmf-dist/tex/generic/pgf/math/pgfmathfunctions
.comparison.code.tex)
(c:/Program Files/texlive/2025/texmf-dist/tex/generic/pgf/math/pgfmathfunctions
.base.code.tex)
(c:/Program Files/texlive/2025/texmf-dist/tex/generic/pgf/math/pgfmathfunctions
.round.code.tex)
(c:/Program Files/texlive/2025/texmf-dist/tex/generic/pgf/math/pgfmathfunctions
.misc.code.tex)
(c:/Program Files/texlive/2025/texmf-dist/tex/generic/pgf/math/pgfmathfunctions
.integerarithmetics.code.tex)
(c:/Program Files/texlive/2025/texmf-dist/tex/generic/pgf/math/pgfmathcalc.code
.tex)
(c:/Program Files/texlive/2025/texmf-dist/tex/generic/pgf/math/pgfmathfloat.cod
e.tex
\c@pgfmathroundto@lastzeros=\count335
))
(c:/Program Files/texlive/2025/texmf-dist/tex/generic/pgf/math/pgfint.code.tex)

(c:/Program Files/texlive/2025/texmf-dist/tex/generic/pgf/basiclayer/pgfcorepoi
nts.code.tex
File: pgfcorepoints.code.tex 2025-08-29 v3.1.11a (3.1.11a)
\pgf@picminx=\dimen196
\pgf@picmaxx=\dimen197
\pgf@picminy=\dimen198
\pgf@picmaxy=\dimen199
\pgf@pathminx=\dimen256
\pgf@pathmaxx=\dimen257
\pgf@pathminy=\dimen258
\pgf@pathmaxy=\dimen259
\pgf@xx=\dimen260
\pgf@xy=\dimen261
\pgf@yx=\dimen262
\pgf@yy=\dimen263
\pgf@zx=\dimen264
\pgf@zy=\dimen265
)
(c:/Program Files/texlive/2025/texmf-dist/tex/generic/pgf/basiclayer/pgfcorepat
hconstruct.code.tex
File: pgfcorepathconstruct.code.tex 2025-08-29 v3.1.11a (3.1.11a)
\pgf@path@lastx=\dimen266
\pgf@path@lasty=\dimen267
)
(c:/Program Files/texlive/2025/texmf-dist/tex/generic/pgf/basiclayer/pgfcorepat
husage.code.tex
File: pgfcorepathusage.code.tex 2025-08-29 v3.1.11a (3.1.11a)
\pgf@shorten@end@additional=\dimen268
\pgf@shorten@start@additional=\dimen269
)
(c:/Program Files/texlive/2025/texmf-dist/tex/generic/pgf/basiclayer/pgfcoresco
pes.code.tex
File: pgfcorescopes.code.tex 2025-08-29 v3.1.11a (3.1.11a)
\pgfpic=\box64
\pgf@hbox=\box65
\pgf@layerbox@main=\box66
\pgf@picture@serial@count=\count336
)
(c:/Program Files/texlive/2025/texmf-dist/tex/generic/pgf/basiclayer/pgfcoregra
phicstate.code.tex
File: pgfcoregraphicstate.code.tex 2025-08-29 v3.1.11a (3.1.11a)
\pgflinewidth=\dimen270
)
(c:/Program Files/texlive/2025/texmf-dist/tex/generic/pgf/basiclayer/pgfcoretra
nsformations.code.tex
File: pgfcoretransformations.code.tex 2025-08-29 v3.1.11a (3.1.11a)
\pgf@pt@x=\dimen271
\pgf@pt@y=\dimen272
\pgf@pt@temp=\dimen273
)
(c:/Program Files/texlive/2025/texmf-dist/tex/generic/pgf/basiclayer/pgfcorequi
ck.code.tex
File: pgfcorequick.code.tex 2025-08-29 v3.1.11a (3.1.11a)
)
(c:/Program Files/texlive/2025/texmf-dist/tex/generic/pgf/basiclayer/pgfcoreobj
ects.code.tex
File: pgfcoreobjects.code.tex 2025-08-29 v3.1.11a (3.1.11a)
)
(c:/Program Files/texlive/2025/texmf-dist/tex/generic/pgf/basiclayer/pgfcorepat
hprocessing.code.tex
File: pgfcorepathprocessing.code.tex 2025-08-29 v3.1.11a (3.1.11a)
)
(c:/Program Files/texlive/2025/texmf-dist/tex/generic/pgf/basiclayer/pgfcorearr
ows.code.tex
File: pgfcorearrows.code.tex 2025-08-29 v3.1.11a (3.1.11a)
\pgfarrowsep=\dimen274
)
(c:/Program Files/texlive/2025/texmf-dist/tex/generic/pgf/basiclayer/pgfcoresha
de.code.tex
File: pgfcoreshade.code.tex 2025-08-29 v3.1.11a (3.1.11a)
\pgf@max=\dimen275
\pgf@sys@shading@range@num=\count337
\pgf@shadingcount=\count338
)
(c:/Program Files/texlive/2025/texmf-dist/tex/generic/pgf/basiclayer/pgfcoreima
ge.code.tex
File: pgfcoreimage.code.tex 2025-08-29 v3.1.11a (3.1.11a)
)
(c:/Program Files/texlive/2025/texmf-dist/tex/generic/pgf/basiclayer/pgfcoreext
ernal.code.tex
File: pgfcoreexternal.code.tex 2025-08-29 v3.1.11a (3.1.11a)
\pgfexternal@startupbox=\box67
)
(c:/Program Files/texlive/2025/texmf-dist/tex/generic/pgf/basiclayer/pgfcorelay
ers.code.tex
File: pgfcorelayers.code.tex 2025-08-29 v3.1.11a (3.1.11a)
)
(c:/Program Files/texlive/2025/texmf-dist/tex/generic/pgf/basiclayer/pgfcoretra
nsparency.code.tex
File: pgfcoretransparency.code.tex 2025-08-29 v3.1.11a (3.1.11a)
)
(c:/Program Files/texlive/2025/texmf-dist/tex/generic/pgf/basiclayer/pgfcorepat
terns.code.tex
File: pgfcorepatterns.code.tex 2025-08-29 v3.1.11a (3.1.11a)
)
(c:/Program Files/texlive/2025/texmf-dist/tex/generic/pgf/basiclayer/pgfcorerdf
.code.tex
File: pgfcorerdf.code.tex 2025-08-29 v3.1.11a (3.1.11a)
)))
(c:/Program Files/texlive/2025/texmf-dist/tex/generic/pgf/modules/pgfmoduleshap
es.code.tex
File: pgfmoduleshapes.code.tex 2025-08-29 v3.1.11a (3.1.11a)
\pgfnodeparttextbox=\box68
)
(c:/Program Files/texlive/2025/texmf-dist/tex/generic/pgf/modules/pgfmoduleplot
.code.tex
File: pgfmoduleplot.code.tex 2025-08-29 v3.1.11a (3.1.11a)
)
(c:/Program Files/texlive/2025/texmf-dist/tex/latex/pgf/compatibility/pgfcomp-v
ersion-0-65.sty
Package: pgfcomp-version-0-65 2025-08-29 v3.1.11a (3.1.11a)
\pgf@nodesepstart=\dimen276
\pgf@nodesepend=\dimen277
)
(c:/Program Files/texlive/2025/texmf-dist/tex/latex/pgf/compatibility/pgfcomp-v
ersion-1-18.sty
Package: pgfcomp-version-1-18 2025-08-29 v3.1.11a (3.1.11a)
))
(c:/Program Files/texlive/2025/texmf-dist/tex/latex/pgf/utilities/pgffor.sty
(c:/Program Files/texlive/2025/texmf-dist/tex/latex/pgf/utilities/pgfkeys.sty
(c:/Program Files/texlive/2025/texmf-dist/tex/generic/pgf/utilities/pgfkeys.cod
e.tex))
(c:/Program Files/texlive/2025/texmf-dist/tex/latex/pgf/math/pgfmath.sty
(c:/Program Files/texlive/2025/texmf-dist/tex/generic/pgf/math/pgfmath.code.tex
))
(c:/Program Files/texlive/2025/texmf-dist/tex/generic/pgf/utilities/pgffor.code
.tex
Package: pgffor 2025-08-29 v3.1.11a (3.1.11a)
\pgffor@iter=\dimen278
\pgffor@skip=\dimen279
\pgffor@stack=\toks36
\pgffor@toks=\toks37
))
(c:/Program Files/texlive/2025/texmf-dist/tex/generic/pgf/frontendlayer/tikz/ti
kz.code.tex
Package: tikz 2025-08-29 v3.1.11a (3.1.11a)

(c:/Program Files/texlive/2025/texmf-dist/tex/generic/pgf/libraries/pgflibraryp
lothandlers.code.tex
File: pgflibraryplothandlers.code.tex 2025-08-29 v3.1.11a (3.1.11a)
\pgf@plot@mark@count=\count339
\pgfplotmarksize=\dimen280
)
\tikz@lastx=\dimen281
\tikz@lasty=\dimen282
\tikz@lastxsaved=\dimen283
\tikz@lastysaved=\dimen284
\tikz@lastmovetox=\dimen285
\tikz@lastmovetoy=\dimen286
\tikzleveldistance=\dimen287
\tikzsiblingdistance=\dimen288
\tikz@figbox=\box69
\tikz@figbox@bg=\box70
\tikz@tempbox=\box71
\tikz@tempbox@bg=\box72
\tikztreelevel=\count340
\tikznumberofchildren=\count341
\tikznumberofcurrentchild=\count342
\tikz@fig@count=\count343

(c:/Program Files/texlive/2025/texmf-dist/tex/generic/pgf/modules/pgfmodulematr
ix.code.tex
File: pgfmodulematrix.code.tex 2025-08-29 v3.1.11a (3.1.11a)
\pgfmatrixcurrentrow=\count344
\pgfmatrixcurrentcolumn=\count345
\pgf@matrix@numberofcolumns=\count346
)
\tikz@expandcount=\count347

(c:/Program Files/texlive/2025/texmf-dist/tex/generic/pgf/frontendlayer/tikz/li
braries/tikzlibrarytopaths.code.tex
File: tikzlibrarytopaths.code.tex 2025-08-29 v3.1.11a (3.1.11a)
)))
(c:/Program Files/texlive/2025/texmf-dist/tex/generic/pgf/frontendlayer/tikz/li
braries/tikzlibrarypositioning.code.tex
File: tikzlibrarypositioning.code.tex 2025-08-29 v3.1.11a (3.1.11a)
)
Package hyperref Info: Option `colorlinks' set `true' on input line 36.
 (./authors.tex)
Package csquotes Info: Checking for multilingual support...
Package csquotes Info: ... none found.

No file report_sustainable_software_engineering_project.aux.
\openout1 = `report_sustainable_software_engineering_project.aux'.

LaTeX Font Info:    Checking defaults for OML/cmm/m/it on input line 43.
LaTeX Font Info:    ... okay on input line 43.
LaTeX Font Info:    Checking defaults for OMS/cmsy/m/n on input line 43.
LaTeX Font Info:    ... okay on input line 43.
LaTeX Font Info:    Checking defaults for OT1/cmr/m/n on input line 43.
LaTeX Font Info:    ... okay on input line 43.
LaTeX Font Info:    Checking defaults for T1/cmr/m/n on input line 43.
LaTeX Font Info:    ... okay on input line 43.
LaTeX Font Info:    Checking defaults for TS1/cmr/m/n on input line 43.
LaTeX Font Info:    ... okay on input line 43.
LaTeX Font Info:    Checking defaults for OMX/cmex/m/n on input line 43.
LaTeX Font Info:    ... okay on input line 43.
LaTeX Font Info:    Checking defaults for U/cmr/m/n on input line 43.
LaTeX Font Info:    ... okay on input line 43.
LaTeX Font Info:    Checking defaults for PD1/pdf/m/n on input line 43.
LaTeX Font Info:    ... okay on input line 43.
LaTeX Font Info:    Checking defaults for PU/pdf/m/n on input line 43.
LaTeX Font Info:    ... okay on input line 43.
Package hyperref Info: Link coloring ON on input line 43.
\@outlinefile=\write4
\openout4 = `report_sustainable_software_engineering_project.out'.

(c:/Program Files/texlive/2025/texmf-dist/tex/context/base/mkii/supp-pdf.mkii
[Loading MPS to PDF converter (version 2006.09.02).]
\scratchcounter=\count348
\scratchdimen=\dimen289
\scratchbox=\box73
\nofMPsegments=\count349
\nofMParguments=\count350
\everyMPshowfont=\toks38
\MPscratchCnt=\count351
\MPscratchDim=\dimen290
\MPnumerator=\count352
\makeMPintoPDFobject=\count353
\everyMPtoPDFconversion=\toks39
)
(c:/Program Files/texlive/2025/texmf-dist/tex/latex/epstopdf-pkg/epstopdf-base.
sty
Package: epstopdf-base 2020-01-24 v2.11 Base part for package epstopdf
Package epstopdf-base Info: Redefining graphics rule for `.eps' on input line 4
85.

(c:/Program Files/texlive/2025/texmf-dist/tex/latex/latexconfig/epstopdf-sys.cf
g
File: epstopdf-sys.cfg 2010/07/13 v1.3 Configuration of (r)epstopdf for TeX Liv
e
))
*geometry* driver: auto-detecting
*geometry* detected driver: pdftex
*geometry* verbose mode - [ preamble ] result:
* driver: pdftex
* paper: a4paper
* layout: <same size as paper>
* layoutoffset:(h,v)=(0.0pt,0.0pt)
* modes: 
* h-part:(L,W,R)=(56.9055pt, 483.69684pt, 56.90553pt)
* v-part:(T,H,B)=(56.9055pt, 731.23582pt, 56.90552pt)
* \paperwidth=597.50787pt
* \paperheight=845.04684pt
* \textwidth=483.69684pt
* \textheight=731.23582pt
* \oddsidemargin=-15.36449pt
* \evensidemargin=-15.36449pt
* \topmargin=-52.36449pt
* \headheight=12.0pt
* \headsep=25.0pt
* \topskip=12.0pt
* \footskip=30.0pt
* \marginparwidth=35.0pt
* \marginparsep=10.0pt
* \columnsep=10.0pt
* \skip\footins=10.8pt plus 4.0pt minus 2.0pt
* \hoffset=0.0pt
* \voffset=0.0pt
* \mag=1000
* \@twocolumnfalse
* \@twosidefalse
* \@mparswitchfalse
* \@reversemarginfalse
* (1in=72.27pt=25.4mm, 1cm=28.453pt)

\c@lstlisting=\count354
Package hyperref Info: Option `pageanchor' set `false' on input line 46.
LaTeX Font Info:    External font `cmex10' loaded for size
(Font)              <14.4> on input line 48.
LaTeX Font Info:    External font `cmex10' loaded for size
(Font)              <7> on input line 48.
[1

{c:/Program Files/texlive/2025/texmf-var/fonts/map/pdftex/updmap/pdftex.map}{c:
/Program Files/texlive/2025/texmf-dist/fonts/enc/dvips/cm-super/cm-super-t1.enc
}]
Package hyperref Info: Option `pageanchor' set `true' on input line 48.

No file report_sustainable_software_engineering_project.toc.
\tf@toc=\write5
\openout5 = `report_sustainable_software_engineering_project.toc'.

[1

]
\openout2 = `chapters/introduction_and_system_baseline.aux'.

 (./chapters/introduction_and_system_baseline.tex
Chapter 1.
) [2


]
\openout2 = `chapters/software_architectural_overview.aux'.

 (./chapters/software_architectural_overview.tex
Chapter 2.

Underfull \hbox (badness 10000) in paragraph at lines 9--10

 []


Underfull \hbox (badness 10000) in paragraph at lines 16--17

 []

[3




]
Underfull \hbox (badness 10000) in paragraph at lines 28--29

 []


Underfull \hbox (badness 10000) in paragraph at lines 35--36

 []


Underfull \hbox (badness 10000) in paragraph at lines 46--47

 []

[4]) [5]
\openout2 = `chapters/backend_energy_sustainability.aux'.

 (./chapters/backend_energy_sustainability.tex
Chapter 3.

Overfull \hbox (28.24753pt too wide) in paragraph at lines 7--8
\T1/cmr/m/n/12 Per ac-quisire met-riche em-piriche sul con-sumo en-er-getico a 
liv-ello hard-ware, il frame-work metodologico
 []

[6




]
Overfull \hbox (10.25179pt too wide) in paragraph at lines 21--22
[]\T1/cmr/bx/n/12 Load Test-ing\T1/cmr/m/n/12 : per va-l-utare il con-sumo en-e
r-getico con un carico pre-visto che l'infrastruttura
 []


LaTeX Warning: Reference `tab:metriche_energia' on page 7 undefined on input li
ne 28.

LaTeX Font Info:    External font `cmex10' loaded for size
(Font)              <12> on input line 33.
LaTeX Font Info:    External font `cmex10' loaded for size
(Font)              <8> on input line 33.
LaTeX Font Info:    External font `cmex10' loaded for size
(Font)              <6> on input line 33.

Underfull \hbox (badness 10000) in paragraph at lines 35--35
[]|\T1/cmr/bx/n/12 Unitŕ di
 []


Underfull \hbox (badness 1466) in paragraph at lines 36--36
\T1/cmr/m/n/12 rante l'esecuzione (in-clusi core, cache L2/L3 e
 []


Underfull \hbox (badness 3623) in paragraph at lines 36--36
\T1/cmr/m/n/12 con-troller in-te-grati). In-dica il ``costo netto''
 []


Underfull \hbox (badness 5847) in paragraph at lines 37--37
[]|\T1/cmr/m/n/12 Potenza Me-dia CPU
 []


Underfull \hbox (badness 10000) in paragraph at lines 39--39
[]|\T1/cmr/m/n/12 Percentuale
 []


Underfull \hbox (badness 1552) in paragraph at lines 41--41
[]|\T1/cmr/m/n/12 Memoria RAM Us-ata
 []


Underfull \hbox (badness 1087) in paragraph at lines 41--41
[]|\T1/cmr/m/n/12 L'impronta al-lo-cata nel sis-tema. In un am-bi-
 []


Overfull \hbox (13.41364pt too wide) in paragraph at lines 33--43
 [][] 
 []


LaTeX Warning: `h' float specifier changed to `ht'.


Overfull \hbox (62.26566pt too wide) in paragraph at lines 51--52
[]\T1/cmr/m/n/12 Sono state de-lib-er-ata-mente omesse le \T1/cmr/m/it/12 servl
et \T1/cmr/m/n/12 ded-i-cate all'amministrazione del sis-tema (\T1/cmtt/m/n/12 
/AdminServlet/*
 []

[7{c:/Program Files/texlive/2025/texmf-dist/fonts/enc/dvips/cm-super/cm-super-t
s1.enc}] [8]
Overfull \hbox (16.09477pt too wide) in paragraph at lines 92--93
[]\T1/cmr/m/n/12 Esplora il cat-a-l-ogo vi-su-al-iz-zando i prodotti per cat-e-
go-ria (\T1/cmtt/m/n/12 /ProdottiPerCategoriaServlet\T1/cmr/m/n/12 ). 
 []


Overfull \hbox (66.19644pt too wide) in paragraph at lines 101--102
[]\T1/cmr/m/n/12 Accede alla sezione re-cen-sioni e pub-blica un feed-back sull
'articolo ac-quis-tato (\T1/cmtt/m/n/12 /RecensioniServlet/*\T1/cmr/m/n/12 ). 
 []


Overfull \hbox (2.0275pt too wide) in paragraph at lines 110--111
\T1/cmr/m/n/12 gestito dalla classe \T1/cmtt/m/n/12 ConPool \T1/cmr/m/n/12 con 
un lim-ite mas-simo di 50 con-nes-sioni at-tive (\T1/cmtt/m/n/12 setMaxActive(5
0)\T1/cmr/m/n/12 ).
 []

[9] [10] [11]
LaTeX Font Info:    Font shape `T1/cmtt/bx/n' in size <14.4> not available
(Font)              Font shape `T1/cmtt/m/n' tried instead on input line 181.

Overfull \hbox (225.16306pt too wide) in paragraph at lines 181--181
[]\T1/cmr/bx/n/14.4 Automazione, Iso-la-mento e Sin-croniz-zazione dei Test (\T
1/cmtt/m/n/14.4 backend_energy_consumption_analysis.ps1\T1/cmr/bx/n/14.4 ) 
 []

[12] (c:/Program Files/texlive/2025/texmf-dist/tex/latex/listings/lstlang1.sty
File: lstlang1.sty 2025/11/14 1.11b listings language file
) (c:/Program Files/texlive/2025/texmf-dist/tex/latex/listings/lstlang1.sty
File: lstlang1.sty 2025/11/14 1.11b listings language file
)
Overfull \hbox (1.3249pt too wide) in paragraph at lines 200--201
\T1/cmr/m/n/12 La fase di boot-strap di un'applicazione web in am-bi-ente Java 
com-porta un carico com-putazionale
 []


Overfull \hbox (16.73529pt too wide) in paragraph at lines 206--207
[][][][][][][][][][][][][][][][][][][][][][][][][][][][][][][][] 
 []

[13]
Overfull \hbox (19.80232pt too wide) in paragraph at lines 219--220
\T1/cmr/m/n/12 pato sulla con-sole e con-tem-po-ranea-mente per-sis-tito tramit
e il co-mando \T1/cmtt/m/n/12 Tee-Object \T1/cmr/m/n/12 all'interno
 []


Overfull \hbox (105.6221pt too wide) in paragraph at lines 219--220
\T1/cmr/m/n/12 della cartella \T1/cmtt/m/n/12 extractor_logs\T1/cmr/m/n/12 . Il
 file di log en-er-getico (es. \T1/cmtt/m/n/12 log_load_extractor_2026_05_21_20
_47_24.log\T1/cmr/m/n/12 )
 []

[14] [15]
! Undefined control sequence.
l.277         \text
                   {Share}_{CPU} = \frac{\Delta E_{CPU, k}}{N_{active}}, \qu...
The control sequence at the end of the top line
of your error message was never \def'ed. If you have
misspelled it (e.g., `\hobx'), type `I' and the correct
spelling (e.g., `I\hbox'). Otherwise just continue,
and I'll forget about whatever was undefined.

! Undefined control sequence.
l.277 ...elta E_{CPU, k}}{N_{active}}, \quad \text
                                                  {Share}_{Core} = \frac{\De...
The control sequence at the end of the top line
of your error message was never \def'ed. If you have
misspelled it (e.g., `\hobx'), type `I' and the correct
spelling (e.g., `I\hbox'). Otherwise just continue,
and I'll forget about whatever was undefined.


Overfull \hbox (55.88596pt too wide) in paragraph at lines 295--296
\T1/cmr/m/n/12 per col-orare l'output su con-sole) prima di scri-vere i file ne
lle di-rec-tory \T1/cmtt/m/n/12 performance_system_testing_logs
 []

[16]
! Undefined control sequence.
l.302 ...aseline in Joule per operazione ($J/\text
                                                  {op}$).
The control sequence at the end of the top line
of your error message was never \def'ed. If you have
misspelled it (e.g., `\hobx'), type `I' and the correct
spelling (e.g., `I\hbox'). Otherwise just continue,
and I'll forget about whatever was undefined.

LaTeX Font Info:    Font shape `T1/cmtt/bx/n' in size <12> not available
(Font)              Font shape `T1/cmtt/m/n' tried instead on input line 305.

Overfull \hbox (28.66968pt too wide) in paragraph at lines 308--309
\T1/cmr/m/n/12 all'interno dei layer Ser-vice o DAO (es. \T1/cmtt/m/n/12 Recens
ioneDAO.getRecensioniByProdotto(...)
 []

[17]
Overfull \hbox (124.34752pt too wide) in paragraph at lines 327--328
\T1/cmr/m/n/12 collezioni, il match-ing degli el-e-menti o il cal-colo del to-t
ale dei prezzi (es. \T1/cmtt/m/n/12 CarrelloService.calcolaTotale()
 []


LaTeX Warning: Reference `fig:components_skip' on page 18 undefined on input li
ne 333.


Overfull \hbox (38.89111pt too wide) in paragraph at lines 392--393
 [][] 
 []

! Undefined control sequence.
l.400 ...i fronti (ad esempio, solo circa $21\text
                                                  {--}23$~J totali durante i...
The control sequence at the end of the top line
of your error message was never \def'ed. If you have
misspelled it (e.g., `\hobx'), type `I' and the correct
spelling (e.g., `I\hbox'). Otherwise just continue,
and I'll forget about whatever was undefined.

[18]
Overfull \hbox (10.87083pt too wide) in paragraph at lines 420--420
[]\T1/cmr/bx/n/14.4 Strumento di Pro-fi-lazione En-er-get-ica Co-Sincronizzato:
 Ar-chitet-
 []


Overfull \hbox (0.50569pt too wide) in paragraph at lines 427--429
\T1/cmr/m/n/12 lando il jar dei bench-mark (\T1/cmtt/m/n/12 mvn clean package -
DskipTests\T1/cmr/m/n/12 ) e in-ter-ro-gando l'eseguibile
 []

[19]
Overfull \hbox (248.16817pt too wide) in paragraph at lines 437--438
[][][][][][][][][][][][][][][][][][][][][][][][][][][][][][][][][][][][][][][][
][][][][][] 
 []


Overfull \hbox (1.98169pt too wide) in paragraph at lines 442--445
[]\T1/cmr/bx/n/12 Filtrazione del Ru-more dei Sen-sori RAPL: \T1/cmr/m/n/12 I r
eg-istri en-er-getici hard-ware (In-tel/AMD
 []

[20]
Overfull \hbox (4.01637pt too wide) in paragraph at lines 476--477
[]\T1/cmr/bx/n/12 Azione Con-sigli-ata: \T1/cmr/m/n/12 Creare la classe di benc
h-mark \T1/cmtt/m/n/12 ProdottoDAOBenchmark \T1/cmr/m/n/12 tramite
 []

[21] [22]
! Undefined control sequence.
<recently read> \text 
                      
l.529 ...esecuzione per singola operazione ($\text
                                                  {ms/op}$) ed evidenziare l...
The control sequence at the end of the top line
of your error message was never \def'ed. If you have
misspelled it (e.g., `\hobx'), type `I' and the correct
spelling (e.g., `I\hbox'). Otherwise just continue,
and I'll forget about whatever was undefined.


Overfull \hbox (40.82127pt too wide) in paragraph at lines 539--540
[]\T1/cmtt/m/n/12 benchmarkAggiungiSpecifiche\T1/cmr/m/n/12 : Mappa di-ret-ta-m
ente la vi-o-lazione \T1/cmtt/m/n/12 creedengo-java:GCI72
 []


Overfull \hbox (111.8067pt too wide) in paragraph at lines 540--541
[]\T1/cmtt/m/n/12 benchmarkGetProdotti\T1/cmr/m/n/12 , \T1/cmtt/m/n/12 benchmar
kGetProdottoByIdValid\T1/cmr/m/n/12 , \T1/cmtt/m/n/12 benchmarkGetProdottiByCat
egoriaValid\T1/cmr/m/n/12 :
 []


Overfull \hbox (11.20354pt too wide) in paragraph at lines 541--542
[]\T1/cmtt/m/n/12 benchmarkGetProdottoByIdInvalid \T1/cmr/m/n/12 e \T1/cmtt/m/n
/12 benchmarkGetProdottiByCategoriaInvalid\T1/cmr/m/n/12 :
 []


Overfull \hbox (29.72401pt too wide) in paragraph at lines 547--548
[]\T1/cmtt/m/n/12 benchmarkGetRecensioniByProdottoValid \T1/cmr/m/n/12 e \T1/cm
tt/m/n/12 benchmarkGetRecensioniByUtenteValid\T1/cmr/m/n/12 :
 []

! Undefined control sequence.
<recently read> \text 
                      
l.553 ...se in millisecondi per operazione ($\text
                                                  {ms/op}$), mentre le metri...
The control sequence at the end of the top line
of your error message was never \def'ed. If you have
misspelled it (e.g., `\hobx'), type `I' and the correct
spelling (e.g., `I\hbox'). Otherwise just continue,
and I'll forget about whatever was undefined.


LaTeX Warning: Reference `tab:jmh_results_prodotto' on page 23 undefined on inp
ut line 553.


LaTeX Warning: Reference `tab:jmh_results_recensione' on page 23 undefined on i
nput line 553.


Overfull \hbox (14.76205pt too wide) in paragraph at lines 553--554
\T1/cmr/m/n/12 I test sono stati es-e-guiti im-po-stando una con-fig-u-razione 
a thread sin-golo (\T1/cmtt/m/n/12 @State(Scope.Thread)\T1/cmr/m/n/12 ),
 []


LaTeX Warning: `!h' float specifier changed to `!ht'.


LaTeX Warning: `!h' float specifier changed to `!ht'.

[23]
! Undefined control sequence.
l.608 ...di esecuzione quasi nullo ($0{,}0008\text
                                                  {--}0{,}0009$~ms/op). CiĂ˛...
The control sequence at the end of the top line
of your error message was never \def'ed. If you have
misspelled it (e.g., `\hobx'), type `I' and the correct
spelling (e.g., `I\hbox'). Otherwise just continue,
and I'll forget about whatever was undefined.


Overfull \hbox (97.83882pt too wide) in paragraph at lines 607--609
\T1/cmr/m/n/12 parametri non va-lidi (\T1/cmtt/m/n/12 benchmarkGetProdottoByIdI
nvalid\T1/cmr/m/n/12 , \T1/cmtt/m/n/12 benchmarkGetRecensioniByProdottoInvalid\
T1/cmr/m/n/12 )
 []

[24]
Overfull \hbox (6.88605pt too wide) in paragraph at lines 619--621
[]\T1/cmtt/m/n/12 benchmarkGetProdottoOrdineValid\T1/cmr/bx/n/12 : \T1/cmr/m/n/
12 Mappa la vi-o-lazione \T1/cmtt/m/n/12 creedengo-java:GCI74 \T1/cmr/m/n/12 (\
T1/cmr/m/it/12 Don't
 []


Overfull \hbox (153.56552pt too wide) in paragraph at lines 625--627
\T1/cmr/m/n/12 (\T1/cmtt/m/n/12 benchmarkGetOrdineByIdInvalid\T1/cmr/m/n/12 , \
T1/cmtt/m/n/12 benchmarkGetProdottoOrdineInvalid\T1/cmr/m/n/12 , \T1/cmtt/m/n/1
2 benchmarkGetOrdiniByUtenteInvalid\T1/cmr/m/n/12 )
 []


LaTeX Warning: Reference `tab:jmh_results_ordine' on page 25 undefined on input
 line 630.

[25]
Overfull \hbox (76.9082pt too wide) in paragraph at lines 655--657
[]\T1/cmr/bx/n/12 Il Prob-lema del Query-ing $\OML/cmm/m/it/12 N \OT1/cmr/m/n/1
2 + 1$ \T1/cmr/bx/n/12 (\T1/cmtt/m/n/12 GCI72 \T1/cmr/bx/n/12 e \T1/cmtt/m/n/12
 GCI74\T1/cmr/bx/n/12 ): \T1/cmr/m/n/12 Il bench-mark \T1/cmtt/m/n/12 benchmark
GetOrdiniByUtenteValid
 []


Overfull \hbox (5.70981pt too wide) in paragraph at lines 657--659
[]\T1/cmr/bx/n/12 Overhead di In-ser-i-mento Se-quen-ziale (\T1/cmtt/m/n/12 GCI
72\T1/cmr/bx/n/12 ): \T1/cmr/m/n/12 Il metodo \T1/cmtt/m/n/12 benchmarkAddOrdin
eValid
 []

[26]
Package hyperref Info: bookmark level for unknown lstlisting defaults to 0 on i
nput line 677.

Overfull \hbox (17.91663pt too wide) in paragraph at lines 678--679
[][][][][][][][][][][][][][][][][][][][][][][][][] 
 []


Overfull \hbox (140.05771pt too wide) in paragraph at lines 681--682
\T1/cmr/m/n/12 deve es-sere scar-i-cato dalla sezione re-lease del repos-i-tory
 uf-fi-ciale GitHub (\T1/cmtt/m/n/12 green-code-initiative/creedengo-java\T1/cm
r/m/n/12 )
 []


Overfull \hbox (229.36682pt too wide) in paragraph at lines 683--684
[][][][][][][][][][][][][][][][][][][][][][][][][][][][][] 
 []


Overfull \hbox (38.0354pt too wide) in paragraph at lines 693--694
\T1/cmr/m/n/12 in-fras-trut-tura, č stato pre-dis-posto lo script di au-tomazio
ne \T1/cmtt/m/n/12 scripts/setup-sonarqube-creedengo.sh\T1/cmr/m/n/12 .
 []


Overfull \hbox (4.42819pt too wide) in paragraph at lines 707--709
[]\T1/cmr/bx/n/12 Avoid us-age of static col-lec-tions (Evitare l'uso di collez
ioni statiche): \T1/cmr/m/n/12 Le collezioni
 []

[27]
Overfull \hbox (11.15152pt too wide) in paragraph at lines 710--712
[]\T1/cmr/bx/n/12 Avoid us-ing Pat-tern.compile() in a non-static con-text (Evi
tare Pat-tern.compile()
 []


Overfull \hbox (2.25775pt too wide) in paragraph at lines 728--730
[]\T1/cmr/bx/n/12 Use Pre-pared-State-ment in-stead of State-ment (Uti-lizzo di
 Pre-pared-State-ment):
 []

[28]

! LaTeX Error: \begin{itemize} on input line 737 ended by \end{enumerate}.

See the LaTeX manual or LaTeX Companion for explanation.
Type  H <return>  for immediate help.
 ...                                              
                                                  
l.741 \end{enumerate}
                     
Your command was ignored.
Type  I <command> <return>  to replace it with another command,
or  <return>  to continue without it.


Overfull \hbox (17.91663pt too wide) in paragraph at lines 756--757
[][][][][][][][][][][][][][][][][][][][][][][][][] 
 []


Overfull \hbox (140.05771pt too wide) in paragraph at lines 759--760
\T1/cmr/m/n/12 deve es-sere scar-i-cato dalla sezione re-lease del repos-i-tory
 uf-fi-ciale GitHub (\T1/cmtt/m/n/12 green-code-initiative/creedengo-java\T1/cm
r/m/n/12 )
 []


Overfull \hbox (229.36682pt too wide) in paragraph at lines 761--762
[][][][][][][][][][][][][][][][][][][][][][][][][][][][][] 
 []

[29]
Overfull \hbox (38.0354pt too wide) in paragraph at lines 771--772
\T1/cmr/m/n/12 in-fras-trut-tura, č stato pre-dis-posto lo script di au-tomazio
ne \T1/cmtt/m/n/12 scripts/setup-sonarqube-creedengo.sh\T1/cmr/m/n/12 .
 []


Overfull \hbox (4.42819pt too wide) in paragraph at lines 785--787
[]\T1/cmr/bx/n/12 Avoid us-age of static col-lec-tions (Evitare l'uso di collez
ioni statiche): \T1/cmr/m/n/12 Le collezioni
 []


Overfull \hbox (11.15152pt too wide) in paragraph at lines 788--790
[]\T1/cmr/bx/n/12 Avoid us-ing Pat-tern.compile() in a non-static con-text (Evi
tare Pat-tern.compile()
 []

[30]
Overfull \hbox (2.25775pt too wide) in paragraph at lines 806--808
[]\T1/cmr/bx/n/12 Use Pre-pared-State-ment in-stead of State-ment (Uti-lizzo di
 Pre-pared-State-ment):
 []

[31]

LaTeX Warning: Reference `tab:creedengo_comparison' on page 32 undefined on inp
ut line 827.


Underfull \hbox (badness 10000) in paragraph at lines 837--837
[]|\T1/cmr/m/n/12 Uso di query in-dis-crim-i-nate
 []


Underfull \hbox (badness 10000) in paragraph at lines 838--838
[]|\T1/cmr/m/n/12 Esecuzione di richi-este SQL
 []


Overfull \hbox (152.63206pt too wide) in paragraph at lines 832--841
 [][] 
 []

[32]
Overfull \hbox (24.81067pt too wide) in paragraph at lines 884--886
[]\T1/cmr/bx/n/12 Batching degli In-ser-i-menti in \T1/cmtt/m/n/12 ProdottoDAO 
\T1/cmr/bx/n/12 e \T1/cmtt/m/n/12 OrdineDAO\T1/cmr/bx/n/12 : \T1/cmtt/m/n/12 be
nchmarkAggiungiSpecifiche
 []


Overfull \hbox (37.43758pt too wide) in paragraph at lines 887--889
\T1/cmr/m/n/12 crim-i-nata in \T1/cmtt/m/n/12 ProdottoDAO \T1/cmr/m/n/12 (es. \
T1/cmtt/m/n/12 getProdotti\T1/cmr/m/n/12 ) e \T1/cmtt/m/n/12 RecensioneDAO \T1/
cmr/m/n/12 (es. \T1/cmtt/m/n/12 getRecensioniByProdotto\T1/cmr/m/n/12 )
 []


Overfull \hbox (16.76959pt too wide) in paragraph at lines 890--892
[]\T1/cmr/bx/n/12 Ottimizzazione dei Ci-cli in \T1/cmtt/m/n/12 Carrello.java \T
1/cmr/bx/n/12 (GCI69): \T1/cmr/m/n/12 L'invocazione di metodi all'interno
 []

[33] (c:/Program Files/texlive/2025/texmf-dist/tex/latex/listings/lstlang1.sty
File: lstlang1.sty 2025/11/14 1.11b listings language file
) [34]
Overfull \hbox (32.1612pt too wide) in paragraph at lines 944--945
\T1/cmr/m/n/12 map-ping dei dati avveniva tramite in-dici fisici pro-gres-sivi 
del Re-sult-Set (es. \T1/cmtt/m/n/12 rs.getString(17)\T1/cmr/m/n/12 ).
 []

[35]
Overfull \hbox (20.635pt too wide) in paragraph at lines 950--951
\T1/cmr/m/n/12 porta un'alternanza con-tinua di stati di cal-colo e di at-tesa 
I/O (latenza di rete). L'introduzione
 []

[36]

LaTeX Warning: Reference `tab:jmh_comparison_ordine' on page 37 undefined on in
put line 972.


LaTeX Warning: Reference `tab:jmh_comparison_prodotto' on page 37 undefined on 
input line 999.


LaTeX Warning: Reference `tab:jmh_comparison_recensione' on page 37 undefined o
n input line 1033.


LaTeX Warning: `!h' float specifier changed to `!ht'.


Overfull \hbox (111.10936pt too wide) in paragraph at lines 1055--1056
[]\T1/cmr/m/n/12 I metodi crit-ici per la let-tura delle re-cen-sioni (\T1/cmtt
/m/n/12 getRecensioniByProdottoValid \T1/cmr/m/n/12 e \T1/cmtt/m/n/12 getRecens
ioniByUtenteValid\T1/cmr/m/n/12 )
 []

[37]
Overfull \hbox (13.03839pt too wide) in paragraph at lines 1057--1057
[]\T1/cmr/bx/n/17.28 Confronto En-er-getico di Sis-tema Post-Refactoring (JMe-
 []


LaTeX Warning: Reference `tab:jmeter_comparison_global' on page 38 undefined on
 input line 1061.


LaTeX Warning: `!h' float specifier changed to `!ht'.

[38]

LaTeX Warning: Reference `tab:jmeter_comparison_servlets' on page 39 undefined 
on input line 1120.


Overfull \hbox (7.54977pt too wide) in paragraph at lines 1120--1121
\T1/cmr/m/n/12 riche di sis-tema, la Tabella [] il-lus-tra il con-fronto det-ta
gliato delle per-for-mance e dell'attribuzione
 []


LaTeX Warning: `!h' float specifier changed to `!ht'.

[39]) [40]
\openout2 = `chapters/frontend_sustainability.aux'.

 (./chapters/frontend_sustainability.tex
Chapter 4.

Overfull \hbox (5.04683pt too wide) in paragraph at lines 9--10
\T1/cmr/m/n/12 dell'applicazione tramite il tool di au-dit \T1/cmr/bx/n/12 Gree
nIT / EcoIn-dex\T1/cmr/m/n/12 . L'algoritmo quan-tifica l'impatto
 []


Overfull \hbox (4.42194pt too wide) in paragraph at lines 16--16
[]\T1/cmr/bx/n/14.4 Metodologia di Va-l-u-tazione: Con-testo Reale (GreenIT-Ana
lysis)
 []

[41




] [42]
Overfull \hbox (11.73662pt too wide) in paragraph at lines 59--59
[]\T1/cmr/bx/n/14.4 Dettaglio dell'Inefficienza: As-senza di un Foglio di Stile
 di Stampa
 []

[43]
! Undefined control sequence.
l.82 ...uma circa $2560 \times 2560 \times 4 \text
                                                  { bytes} \approx 26.2\text...
The control sequence at the end of the top line
of your error message was never \def'ed. If you have
misspelled it (e.g., `\hobx'), type `I' and the correct
spelling (e.g., `I\hbox'). Otherwise just continue,
and I'll forget about whatever was undefined.

! Undefined control sequence.
l.82 ...0 \times 4 \text{ bytes} \approx 26.2\text
                                                  { MB}$ di memoria RAM tamp...
The control sequence at the end of the top line
of your error message was never \def'ed. If you have
misspelled it (e.g., `\hobx'), type `I' and the correct
spelling (e.g., `I\hbox'). Otherwise just continue,
and I'll forget about whatever was undefined.

! Undefined control sequence.
l.82 ...chiede appena $49 \times 49 \times 4 \text
                                                  { bytes} \approx 9.6\text{...
The control sequence at the end of the top line
of your error message was never \def'ed. If you have
misspelled it (e.g., `\hobx'), type `I' and the correct
spelling (e.g., `I\hbox'). Otherwise just continue,
and I'll forget about whatever was undefined.

! Undefined control sequence.
l.82 ...49 \times 4 \text{ bytes} \approx 9.6\text
                                                  { KB}$.
The control sequence at the end of the top line
of your error message was never \def'ed. If you have
misspelled it (e.g., `\hobx'), type `I' and the correct
spelling (e.g., `I\hbox'). Otherwise just continue,
and I'll forget about whatever was undefined.


Overfull \hbox (1.60681pt too wide) in paragraph at lines 82--83
[]\T1/cmr/m/n/12 Decodificare l'intero file in memo-ria RAM come bitmap non com
-pressa. Un'immagine
 []


Overfull \hbox (35.92351pt too wide) in paragraph at lines 106--107
\T1/cmr/m/n/12 classe bean Java \T1/cmtt/m/n/12 Prodotto \T1/cmr/m/n/12 (\T1/cm
tt/m/n/12 Prodotto.java\T1/cmr/m/n/12 ) in-tro-ducendo il metodo get-ter \T1/cm
tt/m/n/12 getImmagineThumbnail()\T1/cmr/m/n/12 : 
 []

[44]
Overfull \hbox (143.60541pt too wide) in paragraph at lines 114--115
[][][][][][][][][][][][][][][][][][][][][][][][][][][][] 
 []


Overfull \hbox (39.70021pt too wide) in paragraph at lines 136--137
\T1/cmr/m/n/12 grafo \T1/cmtt/m/n/12 <p>\T1/cmr/m/n/12 , sono stati pro-mossi a
 in-tes-tazioni ger-ar-chiche \T1/cmtt/m/n/12 <h3> \T1/cmr/m/n/12 (\T1/cmtt/m/n
/12 <h3 class="titolo-prodotto">\T1/cmr/m/n/12 ),
 []

[45]
Overfull \hbox (7.8859pt too wide) in paragraph at lines 156--156
[]\T1/cmr/bx/n/14.4 Integrazione del Foglio di Stile di Stampa per l'Eco-Proget
tazione 
 []

(c:/Program Files/texlive/2025/texmf-dist/tex/latex/listings/lstlang1.sty
File: lstlang1.sty 2025/11/14 1.11b listings language file
)
(c:/Program Files/texlive/2025/texmf-dist/tex/latex/listings/lstmisc.sty
File: lstmisc.sty 2025/11/14 1.11b (Carsten Heinz)
)
Overfull \hbox (291.62054pt too wide) in paragraph at lines 160--161
[][][][][][][][][][][][][][][][][][][][][][][][][][][][][][][][][][][][][][][][
][][][][][][] 
 []

[46]
Overfull \hbox (4.00488pt too wide) in paragraph at lines 178--179
\T1/cmr/m/n/12 statiche di-ret-ta-mente dalla cache di memo-ria o disco lo-cale
 (0 byte trasfer-iti sulla rete), azzerando
 []

[47]
Overfull \hbox (119.93222pt too wide) in paragraph at lines 201--202
\T1/cmr/m/n/12 Durante l'analisi č stato riscon-trato un er-rore HTTP 500 in co
r-rispon-denza del per-corso \T1/cmtt/m/n/12 http://localhost:8080/img/\T1/cmr/
m/n/12 .
 []

[48]
Overfull \hbox (18.26067pt too wide) in paragraph at lines 219--220
\T1/cmr/m/n/12 (\T1/cmtt/m/n/12 css/\T1/cmr/m/n/12 , \T1/cmtt/m/n/12 functions/
\T1/cmr/m/n/12 , \T1/cmtt/m/n/12 img/\T1/cmr/m/n/12 , \T1/cmtt/m/n/12 favicon.i
co\T1/cmr/m/n/12 ) viene forzato a \T1/cmtt/m/n/12 127.0.0.1\T1/cmr/m/n/12 . Se
 ac-cede da \T1/cmtt/m/n/12 127.0.0.1\T1/cmr/m/n/12 ,
 []


Overfull \hbox (50.4585pt too wide) in paragraph at lines 219--220
\T1/cmr/m/n/12 do-mini come orig-ini dis-tinte (cross-origin), l'associazione c
on l'attributo \T1/cmtt/m/n/12 crossorigin="anonymous"
 []

[49]
Overfull \hbox (6.68631pt too wide) in paragraph at lines 250--251
\T1/cmr/m/n/12 tografico auto-firmato tramite lo stru-mento \T1/cmtt/m/n/12 key
tool \T1/cmr/m/n/12 del JDK e con-fig-u-rarlo nel \T1/cmtt/m/n/12 server.xml
 []

[50]
! Undefined control sequence.
<recently read> \xrightarrow 
                             
l.259 \texttt{Browser} $\xrightarrow
                                    {\text{HTTPS + HTTP/2}}$ \texttt{Nginx /...
The control sequence at the end of the top line
of your error message was never \def'ed. If you have
misspelled it (e.g., `\hobx'), type `I' and the correct
spelling (e.g., `I\hbox'). Otherwise just continue,
and I'll forget about whatever was undefined.

! Undefined control sequence.
l.259 \texttt{Browser} $\xrightarrow{\text
                                          {HTTPS + HTTP/2}}$ \texttt{Nginx /...
The control sequence at the end of the top line
of your error message was never \def'ed. If you have
misspelled it (e.g., `\hobx'), type `I' and the correct
spelling (e.g., `I\hbox'). Otherwise just continue,
and I'll forget about whatever was undefined.

! Undefined control sequence.
<recently read> \xrightarrow 
                             
l.259 ...nx / Caddy (Reverse Proxy)} $\xrightarrow
                                                  {\text{HTTP/1.1 interno}}$...
The control sequence at the end of the top line
of your error message was never \def'ed. If you have
misspelled it (e.g., `\hobx'), type `I' and the correct
spelling (e.g., `I\hbox'). Otherwise just continue,
and I'll forget about whatever was undefined.

! Undefined control sequence.
l.259 ...addy (Reverse Proxy)} $\xrightarrow{\text
                                                  {HTTP/1.1 interno}}$ \text...
The control sequence at the end of the top line
of your error message was never \def'ed. If you have
misspelled it (e.g., `\hobx'), type `I' and the correct
spelling (e.g., `I\hbox'). Otherwise just continue,
and I'll forget about whatever was undefined.


Overfull \hbox (47.54138pt too wide) in paragraph at lines 278--279
[]\T1/cmr/bx/n/12 Configurazione dell'Ambiente\T1/cmr/m/n/12 : Č stata in-trodo
tta la vari-abile d'ambiente \T1/cmtt/m/n/12 ECO_TEST_MODE=true
 []

[51]
Overfull \hbox (1.53317pt too wide) in paragraph at lines 285--286
[]\T1/cmr/bx/n/12 Filtro di Iniezione Ses-sione (\T1/cmtt/m/n/12 SessionInjecti
onFilter\T1/cmr/bx/n/12 )\T1/cmr/m/n/12 : Č stato svilup-pato un servlet
 []


Overfull \hbox (16.056pt too wide) in paragraph at lines 285--286
\T1/cmr/m/n/12 fil-ter Java (\T1/cmtt/m/n/12 SessionInjectionFilter.java\T1/cmr
/m/n/12 ) reg-is-trato a liv-ello glob-ale tramite l'annotazione
 []


Overfull \hbox (3.51414pt too wide) in paragraph at lines 285--286
\T1/cmtt/m/n/12 @WebFilter(filterName = "SessionInjectionFilter", urlPatterns =
 "/*")\T1/cmr/m/n/12 . Il fil-
 []


Overfull \hbox (56.73686pt too wide) in paragraph at lines 287--288
[]\T1/cmr/m/n/12 Verifica se la modal-itŕ test č abil-i-tata leggendo la pro-pr
i-etŕ \T1/cmtt/m/n/12 System.getenv("ECO_TEST_MODE")\T1/cmr/m/n/12 . 
 []


Overfull \hbox (53.82779pt too wide) in paragraph at lines 289--290
[]\T1/cmr/m/n/12 Inietta in-oltre un bean \T1/cmtt/m/n/12 Carrello \T1/cmr/m/n/
12 mock popo-lato con un prodotto di prova (\T1/cmtt/m/n/12 ProdottoCarrello\T1
/cmr/m/n/12 ),
 []


Overfull \hbox (121.5333pt too wide) in paragraph at lines 295--347
 [][] 
 []


LaTeX Warning: `!h' float specifier changed to `!ht'.

[52] [53]
Overfull \hbox (1.27882pt too wide) in paragraph at lines 368--369
[]\T1/cmr/bx/n/12 dashboard.jsp\T1/cmr/m/n/12 : Nella ver-sione base-line l'ass
enza di ses-sione at-tiva causava il blocco/crash
 []


Overfull \hbox (81.09973pt too wide) in paragraph at lines 368--369
\T1/cmr/m/n/12 dell'analisi per reind-i-riz-za-mento non gestito (N/A). Gra-zie
 all'introduzione del \T1/cmtt/m/n/12 SessionInjectionFilter\T1/cmr/m/n/12 ,
 []

[54]
Overfull \hbox (39.70024pt too wide) in paragraph at lines 390--391
[]\T1/cmr/m/n/12 Nelle prime mis-urazioni (Stage 3), risorse pe-santi come il f
ile di font lo-cale \T1/cmtt/m/n/12 LEMONMILK-Medium.otf
 []

) [55]
\openout2 = `chapters/open_source_license_monitoring.aux'.

 (./chapters/open_source_license_monitoring.tex
Chapter 5.

LaTeX Warning: Citation `21' on page 56 undefined on input line 7.


LaTeX Warning: Citation `22' on page 56 undefined on input line 9.


LaTeX Warning: Citation `1' on page 56 undefined on input line 9.


LaTeX Warning: Citation `1' on page 56 undefined on input line 9.


LaTeX Warning: Citation `1' on page 56 undefined on input line 13.


LaTeX Warning: Citation `25' on page 56 undefined on input line 13.


LaTeX Warning: Citation `25' on page 56 undefined on input line 13.


LaTeX Warning: Citation `22' on page 56 undefined on input line 15.


LaTeX Warning: Citation `22' on page 56 undefined on input line 15.

[56




]

LaTeX Warning: Citation `21' on page 57 undefined on input line 18.


LaTeX Warning: Citation `21' on page 57 undefined on input line 18.


LaTeX Warning: Citation `1' on page 57 undefined on input line 18.


LaTeX Warning: Citation `21' on page 57 undefined on input line 20.


LaTeX Warning: Citation `21' on page 57 undefined on input line 20.


LaTeX Warning: Citation `24' on page 57 undefined on input line 22.


LaTeX Warning: Citation `24' on page 57 undefined on input line 22.


LaTeX Warning: Citation `24' on page 57 undefined on input line 22.

LaTeX Font Info:    External font `cmex10' loaded for size
(Font)              <5> on input line 29.

Overfull \hbox (34.57254pt too wide) in paragraph at lines 29--30
\T1/cmr/m/n/12 L'analisi č stata es-e-guita me-di-ante la CLI uf-fi-ciale di FO
SSA (ver-sione 3.17.8, re-vi-sione \T1/cmtt/m/n/12 e21170d20446\T1/cmr/m/n/12 )
,
 []

(c:/Program Files/texlive/2025/texmf-dist/tex/latex/listings/lstlang1.sty
File: lstlang1.sty 2025/11/14 1.11b listings language file
)
(c:/Program Files/texlive/2025/texmf-dist/tex/latex/listings/lstlang2.sty
File: lstlang2.sty 2025/11/14 1.11b listings language file
)
(c:/Program Files/texlive/2025/texmf-dist/tex/latex/listings/lstlang3.sty
File: lstlang3.sty 2025/11/14 1.11b listings language file
)
[57]
Overfull \hbox (24.29167pt too wide) in paragraph at lines 51--52
\T1/cmr/m/n/12 mente solo tramite la pi-attaforma cloud --- č stato imp-ie-gato
 il plu-gin Maven \T1/cmtt/m/n/12 license-maven-plugin
 []

[58]

LaTeX Warning: Reference `tab:license_inventory' on page 59 undefined on input 
line 89.


Underfull \hbox (badness 10000) in paragraph at lines 107--107
[]|\T1/cmtt/m/n/10 commons-io:commons-io
 []


Overfull \hbox (15.63953pt too wide) in paragraph at lines 109--109
[]|\T1/cmtt/m/n/10 org.apache.tomcat:tomcat-jdbc
 []


Overfull \hbox (15.63953pt too wide) in paragraph at lines 110--110
[]|\T1/cmtt/m/n/10 org.apache.tomcat:tomcat-juli
 []


Overfull \hbox (36.6344pt too wide) in paragraph at lines 111--111
[]|\T1/cmtt/m/n/10 com.google.protobuf:protobuf-java
 []


Overfull \hbox (73.37543pt too wide) in paragraph at lines 112--112
[]|\T1/cmtt/m/n/10 org.apache.taglibs:taglibs-standard-spec
 []


Overfull \hbox (73.37543pt too wide) in paragraph at lines 113--113
[]|\T1/cmtt/m/n/10 org.apache.taglibs:taglibs-standard-impl
 []


Underfull \hbox (badness 10000) in paragraph at lines 114--114
[]|\T1/cmtt/m/n/10 org.pitest:pitest-parent
 []


Overfull \hbox (20.88824pt too wide) in paragraph at lines 115--115
[]|\T1/cmtt/m/n/10 net.sf.jopt-simple:jopt-simple
 []


Overfull \hbox (31.38568pt too wide) in paragraph at lines 116--116
[]|\T1/cmtt/m/n/10 org.apache.commons:commons-math3
 []


Overfull \hbox (5.14209pt too wide) in paragraph at lines 118--118
[]|\T1/cmtt/m/n/10 com.mysql:mysql-connector-j
 []


Underfull \hbox (badness 10000) in paragraph at lines 120--120
[]|\T1/cmtt/m/n/10 org.openjdk.jmh:jmh-core
 []


Overfull \hbox (26.13696pt too wide) in paragraph at lines 123--123
[]|\T1/cmtt/m/n/10 javax.servlet:javax.servlet-api
 []


Overfull \hbox (73.37543pt too wide) in paragraph at lines 124--124
[]|\T1/cmtt/m/n/10 org.openjdk.jmh:jmh-generator-annprocess
 []


Overfull \hbox (47.13184pt too wide) in paragraph at lines 127--127
[]|\T1/cmtt/m/n/10 org.junit.jupiter:junit-jupiter-api
 []


Overfull \hbox (62.87799pt too wide) in paragraph at lines 128--128
[]|\T1/cmtt/m/n/10 org.junit.jupiter:junit-jupiter-engine
 []


Overfull \hbox (62.87799pt too wide) in paragraph at lines 129--129
[]|\T1/cmtt/m/n/10 org.junit.jupiter:junit-jupiter-params
 []


Overfull \hbox (78.62415pt too wide) in paragraph at lines 130--130
[]|\T1/cmtt/m/n/10 org.junit.platform:junit-platform-commons
 []


Overfull \hbox (73.37543pt too wide) in paragraph at lines 131--131
[]|\T1/cmtt/m/n/10 org.junit.platform:junit-platform-engine
 []


Underfull \hbox (badness 10000) in paragraph at lines 132--132
[]|\T1/cmtt/m/n/10 org.mockito:mockito-core
 []


Overfull \hbox (36.6344pt too wide) in paragraph at lines 133--133
[]|\T1/cmtt/m/n/10 org.mockito:mockito-junit-jupiter
 []


Underfull \hbox (badness 10000) in paragraph at lines 134--134
[]|\T1/cmtt/m/n/10 net.bytebuddy:byte-buddy
 []


Overfull \hbox (20.88824pt too wide) in paragraph at lines 135--135
[]|\T1/cmtt/m/n/10 net.bytebuddy:byte-buddy-agent
 []


Underfull \hbox (badness 10000) in paragraph at lines 136--136
[]|\T1/cmtt/m/n/10 org.objenesis:objenesis
 []


Underfull \hbox (badness 10000) in paragraph at lines 137--137
[]|\T1/cmtt/m/n/10 org.opentest4j:opentest4j
 []


Overfull \hbox (26.13696pt too wide) in paragraph at lines 138--138
[]|\T1/cmtt/m/n/10 org.apiguardian:apiguardian-api
 []


Package longtable Warning: Column widths have changed
(longtable)                in table 5.1 on input line 139.

ignored error: Infinite glue shrinkage found in box being split [59]

LaTeX Warning: Reference `tab:license_distribution' on page 60 undefined on inp
ut line 143.


LaTeX Warning: `h' float specifier changed to `ht'.


LaTeX Warning: Citation `21' on page 60 undefined on input line 172.


LaTeX Warning: Citation `21' on page 60 undefined on input line 180.

[60]

LaTeX Warning: Citation `22' on page 61 undefined on input line 186.

[61]

LaTeX Warning: Reference `tab:risk_summary' on page 62 undefined on input line 
200.


Underfull \hbox (badness 10000) in paragraph at lines 211--212
[]|\T1/cmtt/m/n/12 jmh-generator-annprocess\T1/cmr/m/n/12 ,
 []


LaTeX Warning: Citation `21' on page 62 undefined on input line 226.


LaTeX Warning: Citation `24' on page 62 undefined on input line 228.

[62]
Overfull \hbox (31.51826pt too wide) in paragraph at lines 249--250
\T1/cmr/m/n/12 mark sit-uati nella di-rec-tory \T1/cmtt/m/n/12 src/jmh/java/ \T
1/cmr/m/n/12 e in nes-sun file della di-rec-tory prin-ci-pale \T1/cmtt/m/n/12 s
rc/main/java/\T1/cmr/m/n/12 .
 []

(c:/Program Files/texlive/2025/texmf-dist/tex/latex/listings/lstlang1.sty
File: lstlang1.sty 2025/11/14 1.11b listings language file
)
[63]

LaTeX Warning: Reference `tab:risk_comparison' on page 64 undefined on input li
ne 274.

[64]
Overfull \hbox (12.98318pt too wide) in paragraph at lines 315--316
\T1/cmr/m/n/12 per es-sere anal-iz-zata in au-to-matico da stru-menti di vul-ne
r-a-bil-ity man-age-ment o Dependency-
 []

) [65]
\openout2 = `chapters/community_smells.aux'.

 (./chapters/community_smells.tex
Chapter 6.

LaTeX Warning: Citation `30' on page 66 undefined on input line 5.


LaTeX Warning: Citation `31' on page 66 undefined on input line 5.


Overfull \hbox (47.0506pt too wide) in paragraph at lines 11--11
[]\T1/cmr/bx/n/17.28 Diagnostica Socio-Tecnica del Team (cs-De-tec-tor e CADOCS
) 
 []

) [66




]
\openout2 = `chapters/trade_off_analysis_and_conclusions.aux'.

 (./chapters/trade_off_analysis_and_conclusions.tex
Chapter 7.
) [67




]

Package longtable Warning: Table widths have changed. Rerun LaTeX.

(./report_sustainable_software_engineering_project.aux
(./chapters/introduction_and_system_baseline.aux)
(./chapters/software_architectural_overview.aux)
(./chapters/backend_energy_sustainability.aux)
(./chapters/frontend_sustainability.aux)
(./chapters/open_source_license_monitoring.aux)
(./chapters/community_smells.aux)
(./chapters/trade_off_analysis_and_conclusions.aux))
 ***********
LaTeX2e <2025-11-01>
L3 programming layer <2025-12-29>
 ***********


LaTeX Warning: There were undefined references.


LaTeX Warning: Label(s) may have changed. Rerun to get cross-references right.


Package rerunfilecheck Warning: File `report_sustainable_software_engineering_p
roject.out' has changed.
(rerunfilecheck)                Rerun to get outlines right
(rerunfilecheck)                or use package `bookmark'.

Package rerunfilecheck Info: Checksums for `report_sustainable_software_enginee
ring_project.out':
(rerunfilecheck)             Before: <no file>
(rerunfilecheck)             After:  F2CE8D8D355C92F5E74AE64D5A986E8C;31552.
 ) 
Here is how much of TeX's memory you used:
 24007 strings out of 467538
 441213 string characters out of 5401323
 1133479 words of memory out of 5000000
 52025 multiletter control sequences out of 15000+600000
 648602 words of font info for 78 fonts, out of 8000000 for 9000
 1141 hyphenation exceptions out of 8191
 84i,11n,94p,1085b,2071s stack positions out of 10000i,1000n,20000p,200000b,200000s
<c:/Program Files/texlive/2025/texmf-dist/fonts/type1/public/amsfonts/cm/cmex
10.pfb><c:/Program Files/texlive/2025/texmf-dist/fonts/type1/public/amsfonts/cm
/cmmi12.pfb><c:/Program Files/texlive/2025/texmf-dist/fonts/type1/public/amsfon
ts/cm/cmmi8.pfb><c:/Program Files/texlive/2025/texmf-dist/fonts/type1/public/am
sfonts/cm/cmr12.pfb><c:/Program Files/texlive/2025/texmf-dist/fonts/type1/publi
c/amsfonts/cm/cmr8.pfb><c:/Program Files/texlive/2025/texmf-dist/fonts/type1/pu
blic/amsfonts/cm/cmsy10.pfb><c:/Program Files/texlive/2025/texmf-dist/fonts/typ
e1/public/amsfonts/cm/cmsy8.pfb><c:/Program Files/texlive/2025/texmf-dist/fonts
/type1/public/cm-super/sfbx1000.pfb><c:/Program Files/texlive/2025/texmf-dist/f
onts/type1/public/cm-super/sfbx1200.pfb><c:/Program Files/texlive/2025/texmf-di
st/fonts/type1/public/cm-super/sfbx1440.pfb><c:/Program Files/texlive/2025/texm
f-dist/fonts/type1/public/cm-super/sfbx1728.pfb><c:/Program Files/texlive/2025/
texmf-dist/fonts/type1/public/cm-super/sfbx2074.pfb><c:/Program Files/texlive/2
025/texmf-dist/fonts/type1/public/cm-super/sfbx2488.pfb><c:/Program Files/texli
ve/2025/texmf-dist/fonts/type1/public/cm-super/sfrm0700.pfb><c:/Program Files/t
exlive/2025/texmf-dist/fonts/type1/public/cm-super/sfrm0800.pfb><c:/Program Fil
es/texlive/2025/texmf-dist/fonts/type1/public/cm-super/sfrm1000.pfb><c:/Program
 Files/texlive/2025/texmf-dist/fonts/type1/public/cm-super/sfrm1200.pfb><c:/Pro
gram Files/texlive/2025/texmf-dist/fonts/type1/public/cm-super/sfrm1440.pfb><c:
/Program Files/texlive/2025/texmf-dist/fonts/type1/public/cm-super/sfsx1095.pfb
><c:/Program Files/texlive/2025/texmf-dist/fonts/type1/public/cm-super/sfti1000
.pfb><c:/Program Files/texlive/2025/texmf-dist/fonts/type1/public/cm-super/sfti
1200.pfb><c:/Program Files/texlive/2025/texmf-dist/fonts/type1/public/cm-super/
sftt1000.pfb><c:/Program Files/texlive/2025/texmf-dist/fonts/type1/public/cm-su
per/sftt1095.pfb><c:/Program Files/texlive/2025/texmf-dist/fonts/type1/public/c
m-super/sftt1200.pfb><c:/Program Files/texlive/2025/texmf-dist/fonts/type1/publ
ic/cm-super/sftt1440.pfb>
Output written on report_sustainable_software_engineering_project.pdf (68 pages
, 677845 bytes).
PDF statistics:
 939 PDF objects out of 1000 (max. 8388607)
 808 compressed objects within 9 object streams
 470 named destinations out of 1000 (max. 500000)
 13 words of extra memory for PDF output out of 10000 (max. 10000000)

